2011/05/24 17:21:04 [error] [exception.CDbException] exception 'CDbException' with message 'CDbConnection 无法开启数据库连线: SQLSTATE[28000] [1045] Access denied for user 'infuzhou_user'@'localhost' (using password: YES)' in /home/paranoid/projects/yii-download/yii-1.1.3.r2247/framework/db/CDbConnection.php:348
Stack trace:
#0 /home/paranoid/projects/yii-download/yii-1.1.3.r2247/framework/db/CDbConnection.php(297): CDbConnection->open()
#1 /home/paranoid/projects/yii-download/yii-1.1.3.r2247/framework/db/CDbConnection.php(275): CDbConnection->setActive(true)
#2 /home/paranoid/projects/yii-download/yii-1.1.3.r2247/framework/base/CModule.php(372): CDbConnection->init()
#3 /home/paranoid/projects/yii-download/yii-1.1.3.r2247/framework/base/CApplication.php(426): CModule->getComponent('db')
#4 /home/paranoid/projects/yii-download/yii-1.1.3.r2247/framework/db/ar/CActiveRecord.php(607): CApplication->getDb()
#5 /home/paranoid/projects/yii-download/yii-1.1.3.r2247/framework/db/ar/CActiveRecord.php(2236): CActiveRecord->getDbConnection()
#6 /home/paranoid/projects/yii-download/yii-1.1.3.r2247/framework/db/ar/CActiveRecord.php(371): CActiveRecordMetaData->__construct(Object(Sconfig))
#7 /home/paranoid/projects/infuzhou/protected/modules/admin/models/Sconfig.php(19): CActiveRecord::model('Sconfig')
#8 /home/paranoid/projects/infuzhou/protected/components/Controller.php(25): Sconfig::model()
#9 /home/paranoid/projects/yii-download/yii-1.1.3.r2247/framework/web/CWebApplication.php(327): Controller->init()
#10 /home/paranoid/projects/yii-download/yii-1.1.3.r2247/framework/web/CWebApplication.php(121): CWebApplication->runController('f/index')
#11 /home/paranoid/projects/yii-download/yii-1.1.3.r2247/framework/base/CApplication.php(155): CWebApplication->processRequest()
#12 /home/paranoid/projects/infuzhou/index.php(106): CApplication->run()
#13 {main} REQUEST_URI=/
2011/05/24 17:21:05 [error] [exception.CDbException] exception 'CDbException' with message 'CDbConnection 无法开启数据库连线: SQLSTATE[28000] [1045] Access denied for user 'infuzhou_user'@'localhost' (using password: YES)' in /home/paranoid/projects/yii-download/yii-1.1.3.r2247/framework/db/CDbConnection.php:348
Stack trace:
#0 /home/paranoid/projects/yii-download/yii-1.1.3.r2247/framework/db/CDbConnection.php(297): CDbConnection->open()
#1 /home/paranoid/projects/yii-download/yii-1.1.3.r2247/framework/db/CDbConnection.php(275): CDbConnection->setActive(true)
#2 /home/paranoid/projects/yii-download/yii-1.1.3.r2247/framework/base/CModule.php(372): CDbConnection->init()
#3 /home/paranoid/projects/yii-download/yii-1.1.3.r2247/framework/base/CApplication.php(426): CModule->getComponent('db')
#4 /home/paranoid/projects/yii-download/yii-1.1.3.r2247/framework/db/ar/CActiveRecord.php(607): CApplication->getDb()
#5 /home/paranoid/projects/yii-download/yii-1.1.3.r2247/framework/db/ar/CActiveRecord.php(2236): CActiveRecord->getDbConnection()
#6 /home/paranoid/projects/yii-download/yii-1.1.3.r2247/framework/db/ar/CActiveRecord.php(371): CActiveRecordMetaData->__construct(Object(Sconfig))
#7 /home/paranoid/projects/infuzhou/protected/modules/admin/models/Sconfig.php(19): CActiveRecord::model('Sconfig')
#8 /home/paranoid/projects/infuzhou/protected/components/Controller.php(25): Sconfig::model()
#9 /home/paranoid/projects/yii-download/yii-1.1.3.r2247/framework/web/CWebApplication.php(327): Controller->init()
#10 /home/paranoid/projects/yii-download/yii-1.1.3.r2247/framework/web/CWebApplication.php(121): CWebApplication->runController('f/index')
#11 /home/paranoid/projects/yii-download/yii-1.1.3.r2247/framework/base/CApplication.php(155): CWebApplication->processRequest()
#12 /home/paranoid/projects/infuzhou/index.php(106): CApplication->run()
#13 {main} REQUEST_URI=/
2011/05/24 17:21:06 [error] [exception.CDbException] exception 'CDbException' with message 'CDbConnection 无法开启数据库连线: SQLSTATE[28000] [1045] Access denied for user 'infuzhou_user'@'localhost' (using password: YES)' in /home/paranoid/projects/yii-download/yii-1.1.3.r2247/framework/db/CDbConnection.php:348
Stack trace:
#0 /home/paranoid/projects/yii-download/yii-1.1.3.r2247/framework/db/CDbConnection.php(297): CDbConnection->open()
#1 /home/paranoid/projects/yii-download/yii-1.1.3.r2247/framework/db/CDbConnection.php(275): CDbConnection->setActive(true)
#2 /home/paranoid/projects/yii-download/yii-1.1.3.r2247/framework/base/CModule.php(372): CDbConnection->init()
#3 /home/paranoid/projects/yii-download/yii-1.1.3.r2247/framework/base/CApplication.php(426): CModule->getComponent('db')
#4 /home/paranoid/projects/yii-download/yii-1.1.3.r2247/framework/db/ar/CActiveRecord.php(607): CApplication->getDb()
#5 /home/paranoid/projects/yii-download/yii-1.1.3.r2247/framework/db/ar/CActiveRecord.php(2236): CActiveRecord->getDbConnection()
#6 /home/paranoid/projects/yii-download/yii-1.1.3.r2247/framework/db/ar/CActiveRecord.php(371): CActiveRecordMetaData->__construct(Object(Sconfig))
#7 /home/paranoid/projects/infuzhou/protected/modules/admin/models/Sconfig.php(19): CActiveRecord::model('Sconfig')
#8 /home/paranoid/projects/infuzhou/protected/components/Controller.php(25): Sconfig::model()
#9 /home/paranoid/projects/yii-download/yii-1.1.3.r2247/framework/web/CWebApplication.php(327): Controller->init()
#10 /home/paranoid/projects/yii-download/yii-1.1.3.r2247/framework/web/CWebApplication.php(121): CWebApplication->runController('f/index')
#11 /home/paranoid/projects/yii-download/yii-1.1.3.r2247/framework/base/CApplication.php(155): CWebApplication->processRequest()
#12 /home/paranoid/projects/infuzhou/index.php(106): CApplication->run()
#13 {main} REQUEST_URI=/
2011/05/24 17:21:06 [error] [exception.CDbException] exception 'CDbException' with message 'CDbConnection 无法开启数据库连线: SQLSTATE[28000] [1045] Access denied for user 'infuzhou_user'@'localhost' (using password: YES)' in /home/paranoid/projects/yii-download/yii-1.1.3.r2247/framework/db/CDbConnection.php:348
Stack trace:
#0 /home/paranoid/projects/yii-download/yii-1.1.3.r2247/framework/db/CDbConnection.php(297): CDbConnection->open()
#1 /home/paranoid/projects/yii-download/yii-1.1.3.r2247/framework/db/CDbConnection.php(275): CDbConnection->setActive(true)
#2 /home/paranoid/projects/yii-download/yii-1.1.3.r2247/framework/base/CModule.php(372): CDbConnection->init()
#3 /home/paranoid/projects/yii-download/yii-1.1.3.r2247/framework/base/CApplication.php(426): CModule->getComponent('db')
#4 /home/paranoid/projects/yii-download/yii-1.1.3.r2247/framework/db/ar/CActiveRecord.php(607): CApplication->getDb()
#5 /home/paranoid/projects/yii-download/yii-1.1.3.r2247/framework/db/ar/CActiveRecord.php(2236): CActiveRecord->getDbConnection()
#6 /home/paranoid/projects/yii-download/yii-1.1.3.r2247/framework/db/ar/CActiveRecord.php(371): CActiveRecordMetaData->__construct(Object(Sconfig))
#7 /home/paranoid/projects/infuzhou/protected/modules/admin/models/Sconfig.php(19): CActiveRecord::model('Sconfig')
#8 /home/paranoid/projects/infuzhou/protected/components/Controller.php(25): Sconfig::model()
#9 /home/paranoid/projects/yii-download/yii-1.1.3.r2247/framework/web/CWebApplication.php(327): Controller->init()
#10 /home/paranoid/projects/yii-download/yii-1.1.3.r2247/framework/web/CWebApplication.php(121): CWebApplication->runController('f/index')
#11 /home/paranoid/projects/yii-download/yii-1.1.3.r2247/framework/base/CApplication.php(155): CWebApplication->processRequest()
#12 /home/paranoid/projects/infuzhou/index.php(106): CApplication->run()
#13 {main} REQUEST_URI=/
2011/05/24 17:25:18 [error] [exception.CHttpException.404] exception 'CHttpException' with message 'Unable to resolve the request "themes/forum/css/ibtn.css".' in /home/paranoid/projects/yii-download/yii-1.1.3.r2247/framework/web/CWebApplication.php:332
Stack trace:
#0 /home/paranoid/projects/yii-download/yii-1.1.3.r2247/framework/web/CWebApplication.php(121): CWebApplication->runController('themes/forum/cs...')
#1 /home/paranoid/projects/yii-download/yii-1.1.3.r2247/framework/base/CApplication.php(155): CWebApplication->processRequest()
#2 /home/paranoid/projects/infuzhou/index.php(106): CApplication->run()
#3 {main} REQUEST_URI=/themes/forum/css/ibtn.css
2011/05/24 17:25:19 [error] [exception.CHttpException.404] exception 'CHttpException' with message 'Unable to resolve the request "upfiles/avatars/aab3238922bcc25a6f606eb525ffdc56.jpeg".' in /home/paranoid/projects/yii-download/yii-1.1.3.r2247/framework/web/CWebApplication.php:332
Stack trace:
#0 /home/paranoid/projects/yii-download/yii-1.1.3.r2247/framework/web/CWebApplication.php(121): CWebApplication->runController('upfiles/avatars...')
#1 /home/paranoid/projects/yii-download/yii-1.1.3.r2247/framework/base/CApplication.php(155): CWebApplication->processRequest()
#2 /home/paranoid/projects/infuzhou/index.php(106): CApplication->run()
#3 {main} REQUEST_URI=/upfiles/avatars/aab3238922bcc25a6f606eb525ffdc56.jpeg
2011/05/24 17:25:19 [error] [exception.CHttpException.404] exception 'CHttpException' with message 'Unable to resolve the request "themes/forum/css/bgs/ad-tag.png".' in /home/paranoid/projects/yii-download/yii-1.1.3.r2247/framework/web/CWebApplication.php:332
Stack trace:
#0 /home/paranoid/projects/yii-download/yii-1.1.3.r2247/framework/web/CWebApplication.php(121): CWebApplication->runController('themes/forum/cs...')
#1 /home/paranoid/projects/yii-download/yii-1.1.3.r2247/framework/base/CApplication.php(155): CWebApplication->processRequest()
#2 /home/paranoid/projects/infuzhou/index.php(106): CApplication->run()
#3 {main} REQUEST_URI=/themes/forum/css/bgs/ad-tag.png
2011/05/24 17:25:24 [error] [exception.CHttpException.404] exception 'CHttpException' with message 'Unable to resolve the request "themes/forum/css/ibtn.css".' in /home/paranoid/projects/yii-download/yii-1.1.3.r2247/framework/web/CWebApplication.php:332
Stack trace:
#0 /home/paranoid/projects/yii-download/yii-1.1.3.r2247/framework/web/CWebApplication.php(121): CWebApplication->runController('themes/forum/cs...')
#1 /home/paranoid/projects/yii-download/yii-1.1.3.r2247/framework/base/CApplication.php(155): CWebApplication->processRequest()
#2 /home/paranoid/projects/infuzhou/index.php(106): CApplication->run()
#3 {main} REQUEST_URI=/themes/forum/css/ibtn.css
2011/05/24 17:25:24 [error] [exception.CHttpException.404] exception 'CHttpException' with message 'Unable to resolve the request "upfiles/avatars/aab3238922bcc25a6f606eb525ffdc56.jpeg".' in /home/paranoid/projects/yii-download/yii-1.1.3.r2247/framework/web/CWebApplication.php:332
Stack trace:
#0 /home/paranoid/projects/yii-download/yii-1.1.3.r2247/framework/web/CWebApplication.php(121): CWebApplication->runController('upfiles/avatars...')
#1 /home/paranoid/projects/yii-download/yii-1.1.3.r2247/framework/base/CApplication.php(155): CWebApplication->processRequest()
#2 /home/paranoid/projects/infuzhou/index.php(106): CApplication->run()
#3 {main} REQUEST_URI=/upfiles/avatars/aab3238922bcc25a6f606eb525ffdc56.jpeg
2011/05/24 17:25:24 [error] [exception.CHttpException.404] exception 'CHttpException' with message 'Unable to resolve the request "themes/forum/css/bgs/ad-tag.png".' in /home/paranoid/projects/yii-download/yii-1.1.3.r2247/framework/web/CWebApplication.php:332
Stack trace:
#0 /home/paranoid/projects/yii-download/yii-1.1.3.r2247/framework/web/CWebApplication.php(121): CWebApplication->runController('themes/forum/cs...')
#1 /home/paranoid/projects/yii-download/yii-1.1.3.r2247/framework/base/CApplication.php(155): CWebApplication->processRequest()
#2 /home/paranoid/projects/infuzhou/index.php(106): CApplication->run()
#3 {main} REQUEST_URI=/themes/forum/css/bgs/ad-tag.png
2011/05/24 17:25:28 [error] [exception.CHttpException.404] exception 'CHttpException' with message 'Unable to resolve the request "themes/forum/css/ibtn.css".' in /home/paranoid/projects/yii-download/yii-1.1.3.r2247/framework/web/CWebApplication.php:332
Stack trace:
#0 /home/paranoid/projects/yii-download/yii-1.1.3.r2247/framework/web/CWebApplication.php(121): CWebApplication->runController('themes/forum/cs...')
#1 /home/paranoid/projects/yii-download/yii-1.1.3.r2247/framework/base/CApplication.php(155): CWebApplication->processRequest()
#2 /home/paranoid/projects/infuzhou/index.php(106): CApplication->run()
#3 {main} REQUEST_URI=/themes/forum/css/ibtn.css
2011/05/24 17:25:28 [error] [exception.CHttpException.404] exception 'CHttpException' with message 'Unable to resolve the request "themes/forum/css/bgs/ad-tag.png".' in /home/paranoid/projects/yii-download/yii-1.1.3.r2247/framework/web/CWebApplication.php:332
Stack trace:
#0 /home/paranoid/projects/yii-download/yii-1.1.3.r2247/framework/web/CWebApplication.php(121): CWebApplication->runController('themes/forum/cs...')
#1 /home/paranoid/projects/yii-download/yii-1.1.3.r2247/framework/base/CApplication.php(155): CWebApplication->processRequest()
#2 /home/paranoid/projects/infuzhou/index.php(106): CApplication->run()
#3 {main} REQUEST_URI=/themes/forum/css/bgs/ad-tag.png
2011/05/24 17:25:28 [error] [exception.CHttpException.404] exception 'CHttpException' with message 'Unable to resolve the request "upfiles/avatars/aab3238922bcc25a6f606eb525ffdc56.jpeg".' in /home/paranoid/projects/yii-download/yii-1.1.3.r2247/framework/web/CWebApplication.php:332
Stack trace:
#0 /home/paranoid/projects/yii-download/yii-1.1.3.r2247/framework/web/CWebApplication.php(121): CWebApplication->runController('upfiles/avatars...')
#1 /home/paranoid/projects/yii-download/yii-1.1.3.r2247/framework/base/CApplication.php(155): CWebApplication->processRequest()
#2 /home/paranoid/projects/infuzhou/index.php(106): CApplication->run()
#3 {main} REQUEST_URI=/upfiles/avatars/aab3238922bcc25a6f606eb525ffdc56.jpeg
2011/05/24 17:25:30 [error] [exception.CHttpException.404] exception 'CHttpException' with message 'Unable to resolve the request "themes/forum/css/ibtn.css".' in /home/paranoid/projects/yii-download/yii-1.1.3.r2247/framework/web/CWebApplication.php:332
Stack trace:
#0 /home/paranoid/projects/yii-download/yii-1.1.3.r2247/framework/web/CWebApplication.php(121): CWebApplication->runController('themes/forum/cs...')
#1 /home/paranoid/projects/yii-download/yii-1.1.3.r2247/framework/base/CApplication.php(155): CWebApplication->processRequest()
#2 /home/paranoid/projects/infuzhou/index.php(106): CApplication->run()
#3 {main} REQUEST_URI=/themes/forum/css/ibtn.css
2011/05/24 17:25:30 [error] [exception.CHttpException.404] exception 'CHttpException' with message 'Unable to resolve the request "themes/forum/css/bgs/ad-tag.png".' in /home/paranoid/projects/yii-download/yii-1.1.3.r2247/framework/web/CWebApplication.php:332
Stack trace:
#0 /home/paranoid/projects/yii-download/yii-1.1.3.r2247/framework/web/CWebApplication.php(121): CWebApplication->runController('themes/forum/cs...')
#1 /home/paranoid/projects/yii-download/yii-1.1.3.r2247/framework/base/CApplication.php(155): CWebApplication->processRequest()
#2 /home/paranoid/projects/infuzhou/index.php(106): CApplication->run()
#3 {main} REQUEST_URI=/themes/forum/css/bgs/ad-tag.png
2011/05/24 17:25:30 [error] [exception.CHttpException.404] exception 'CHttpException' with message 'Unable to resolve the request "upfiles/avatars/aab3238922bcc25a6f606eb525ffdc56.jpeg".' in /home/paranoid/projects/yii-download/yii-1.1.3.r2247/framework/web/CWebApplication.php:332
Stack trace:
#0 /home/paranoid/projects/yii-download/yii-1.1.3.r2247/framework/web/CWebApplication.php(121): CWebApplication->runController('upfiles/avatars...')
#1 /home/paranoid/projects/yii-download/yii-1.1.3.r2247/framework/base/CApplication.php(155): CWebApplication->processRequest()
#2 /home/paranoid/projects/infuzhou/index.php(106): CApplication->run()
#3 {main} REQUEST_URI=/upfiles/avatars/aab3238922bcc25a6f606eb525ffdc56.jpeg
2011/05/24 17:26:16 [error] [exception.CException] exception 'CException' with message 'image file not found' in /home/paranoid/projects/infuzhou/protected/extensions/image/Image.php:78
Stack trace:
#0 /home/paranoid/projects/infuzhou/protected/extensions/image/CImageComponent.php(41): Image->__construct('/home/paranoid/...', Array)
#1 /home/paranoid/projects/infuzhou/protected/models/SettingForm.php(51): CImageComponent->load('/home/paranoid/...')
#2 /home/paranoid/projects/infuzhou/protected/controllers/MController.php(161): SettingForm->setting()
#3 /home/paranoid/projects/yii-download/yii-1.1.3.r2247/framework/web/actions/CInlineAction.php(50): MController->actionSetting()
#4 /home/paranoid/projects/yii-download/yii-1.1.3.r2247/framework/web/CController.php(300): CInlineAction->runWithParams(Array)
#5 /home/paranoid/projects/yii-download/yii-1.1.3.r2247/framework/web/filters/CFilterChain.php(133): CController->runAction(Object(CInlineAction))
#6 /home/paranoid/projects/yii-download/yii-1.1.3.r2247/framework/web/filters/CFilter.php(41): CFilterChain->run()
#7 /home/paranoid/projects/yii-download/yii-1.1.3.r2247/framework/web/CController.php(1122): CFilter->filter(Object(CFilterChain))
#8 /home/paranoid/projects/yii-download/yii-1.1.3.r2247/framework/web/filters/CInlineFilter.php(59): CController->filterAccessControl(Object(CFilterChain))
#9 /home/paranoid/projects/yii-download/yii-1.1.3.r2247/framework/web/filters/CFilterChain.php(130): CInlineFilter->filter(Object(CFilterChain))
#10 /home/paranoid/projects/yii-download/yii-1.1.3.r2247/framework/web/CController.php(283): CFilterChain->run()
#11 /home/paranoid/projects/yii-download/yii-1.1.3.r2247/framework/web/CController.php(257): CController->runActionWithFilters(Object(CInlineAction), Array)
#12 /home/paranoid/projects/yii-download/yii-1.1.3.r2247/framework/web/CWebApplication.php(328): CController->run('setting')
#13 /home/paranoid/projects/yii-download/yii-1.1.3.r2247/framework/web/CWebApplication.php(121): CWebApplication->runController('m/setting')
#14 /home/paranoid/projects/yii-download/yii-1.1.3.r2247/framework/base/CApplication.php(155): CWebApplication->processRequest()
#15 /home/paranoid/projects/infuzhou/index.php(106): CApplication->run()
#16 {main} REQUEST_URI=/settings.html
2011/05/24 17:26:24 [error] [exception.CHttpException.404] exception 'CHttpException' with message 'Unable to resolve the request "upfiles/avatars/aab3238922bcc25a6f606eb525ffdc56.jpeg".' in /home/paranoid/projects/yii-download/yii-1.1.3.r2247/framework/web/CWebApplication.php:332
Stack trace:
#0 /home/paranoid/projects/yii-download/yii-1.1.3.r2247/framework/web/CWebApplication.php(121): CWebApplication->runController('upfiles/avatars...')
#1 /home/paranoid/projects/yii-download/yii-1.1.3.r2247/framework/base/CApplication.php(155): CWebApplication->processRequest()
#2 /home/paranoid/projects/infuzhou/index.php(106): CApplication->run()
#3 {main} REQUEST_URI=/upfiles/avatars/aab3238922bcc25a6f606eb525ffdc56.jpeg
2011/05/24 17:26:24 [error] [exception.CHttpException.404] exception 'CHttpException' with message 'Unable to resolve the request "themes/forum/css/bgs/ad-tag.png".' in /home/paranoid/projects/yii-download/yii-1.1.3.r2247/framework/web/CWebApplication.php:332
Stack trace:
#0 /home/paranoid/projects/yii-download/yii-1.1.3.r2247/framework/web/CWebApplication.php(121): CWebApplication->runController('themes/forum/cs...')
#1 /home/paranoid/projects/yii-download/yii-1.1.3.r2247/framework/base/CApplication.php(155): CWebApplication->processRequest()
#2 /home/paranoid/projects/infuzhou/index.php(106): CApplication->run()
#3 {main} REQUEST_URI=/themes/forum/css/bgs/ad-tag.png
2011/05/25 09:21:27 [error] [exception.CHttpException.404] exception 'CHttpException' with message 'Unable to resolve the request "themes/forum/css/ibtn.css".' in /home/paranoid/projects/yii-download/yii-1.1.3.r2247/framework/web/CWebApplication.php:332
Stack trace:
#0 /home/paranoid/projects/yii-download/yii-1.1.3.r2247/framework/web/CWebApplication.php(121): CWebApplication->runController('themes/forum/cs...')
#1 /home/paranoid/projects/yii-download/yii-1.1.3.r2247/framework/base/CApplication.php(155): CWebApplication->processRequest()
#2 /home/paranoid/projects/infuzhou/index.php(106): CApplication->run()
#3 {main} REQUEST_URI=/themes/forum/css/ibtn.css
2011/05/25 09:21:28 [error] [exception.CHttpException.404] exception 'CHttpException' with message 'Unable to resolve the request "upfiles/avatars/aab3238922bcc25a6f606eb525ffdc56.jpeg".' in /home/paranoid/projects/yii-download/yii-1.1.3.r2247/framework/web/CWebApplication.php:332
Stack trace:
#0 /home/paranoid/projects/yii-download/yii-1.1.3.r2247/framework/web/CWebApplication.php(121): CWebApplication->runController('upfiles/avatars...')
#1 /home/paranoid/projects/yii-download/yii-1.1.3.r2247/framework/base/CApplication.php(155): CWebApplication->processRequest()
#2 /home/paranoid/projects/infuzhou/index.php(106): CApplication->run()
#3 {main} REQUEST_URI=/upfiles/avatars/aab3238922bcc25a6f606eb525ffdc56.jpeg
2011/05/25 09:21:28 [error] [exception.CHttpException.404] exception 'CHttpException' with message 'Unable to resolve the request "themes/forum/css/bgs/ad-tag.png".' in /home/paranoid/projects/yii-download/yii-1.1.3.r2247/framework/web/CWebApplication.php:332
Stack trace:
#0 /home/paranoid/projects/yii-download/yii-1.1.3.r2247/framework/web/CWebApplication.php(121): CWebApplication->runController('themes/forum/cs...')
#1 /home/paranoid/projects/yii-download/yii-1.1.3.r2247/framework/base/CApplication.php(155): CWebApplication->processRequest()
#2 /home/paranoid/projects/infuzhou/index.php(106): CApplication->run()
#3 {main} REQUEST_URI=/themes/forum/css/bgs/ad-tag.png
2011/05/25 09:21:42 [error] [exception.CHttpException.404] exception 'CHttpException' with message 'Unable to resolve the request "themes/forum/css/ibtn.css".' in /home/paranoid/projects/yii-download/yii-1.1.3.r2247/framework/web/CWebApplication.php:332
Stack trace:
#0 /home/paranoid/projects/yii-download/yii-1.1.3.r2247/framework/web/CWebApplication.php(121): CWebApplication->runController('themes/forum/cs...')
#1 /home/paranoid/projects/yii-download/yii-1.1.3.r2247/framework/base/CApplication.php(155): CWebApplication->processRequest()
#2 /home/paranoid/projects/infuzhou/index.php(106): CApplication->run()
#3 {main} REQUEST_URI=/themes/forum/css/ibtn.css
2011/05/25 09:21:42 [error] [exception.CHttpException.404] exception 'CHttpException' with message 'Unable to resolve the request "upfiles/avatars/aab3238922bcc25a6f606eb525ffdc56.jpeg".' in /home/paranoid/projects/yii-download/yii-1.1.3.r2247/framework/web/CWebApplication.php:332
Stack trace:
#0 /home/paranoid/projects/yii-download/yii-1.1.3.r2247/framework/web/CWebApplication.php(121): CWebApplication->runController('upfiles/avatars...')
#1 /home/paranoid/projects/yii-download/yii-1.1.3.r2247/framework/base/CApplication.php(155): CWebApplication->processRequest()
#2 /home/paranoid/projects/infuzhou/index.php(106): CApplication->run()
#3 {main} REQUEST_URI=/upfiles/avatars/aab3238922bcc25a6f606eb525ffdc56.jpeg
2011/05/25 09:21:42 [error] [exception.CHttpException.404] exception 'CHttpException' with message 'Unable to resolve the request "themes/forum/css/bgs/ad-tag.png".' in /home/paranoid/projects/yii-download/yii-1.1.3.r2247/framework/web/CWebApplication.php:332
Stack trace:
#0 /home/paranoid/projects/yii-download/yii-1.1.3.r2247/framework/web/CWebApplication.php(121): CWebApplication->runController('themes/forum/cs...')
#1 /home/paranoid/projects/yii-download/yii-1.1.3.r2247/framework/base/CApplication.php(155): CWebApplication->processRequest()
#2 /home/paranoid/projects/infuzhou/index.php(106): CApplication->run()
#3 {main} REQUEST_URI=/themes/forum/css/bgs/ad-tag.png
2011/05/25 09:21:46 [error] [exception.CHttpException.404] exception 'CHttpException' with message 'Unable to resolve the request "themes/forum/css/ibtn.css".' in /home/paranoid/projects/yii-download/yii-1.1.3.r2247/framework/web/CWebApplication.php:332
Stack trace:
#0 /home/paranoid/projects/yii-download/yii-1.1.3.r2247/framework/web/CWebApplication.php(121): CWebApplication->runController('themes/forum/cs...')
#1 /home/paranoid/projects/yii-download/yii-1.1.3.r2247/framework/base/CApplication.php(155): CWebApplication->processRequest()
#2 /home/paranoid/projects/infuzhou/index.php(106): CApplication->run()
#3 {main} REQUEST_URI=/themes/forum/css/ibtn.css
2011/05/25 09:21:46 [error] [exception.CHttpException.404] exception 'CHttpException' with message 'Unable to resolve the request "upfiles/avatars/aab3238922bcc25a6f606eb525ffdc56.jpeg".' in /home/paranoid/projects/yii-download/yii-1.1.3.r2247/framework/web/CWebApplication.php:332
Stack trace:
#0 /home/paranoid/projects/yii-download/yii-1.1.3.r2247/framework/web/CWebApplication.php(121): CWebApplication->runController('upfiles/avatars...')
#1 /home/paranoid/projects/yii-download/yii-1.1.3.r2247/framework/base/CApplication.php(155): CWebApplication->processRequest()
#2 /home/paranoid/projects/infuzhou/index.php(106): CApplication->run()
#3 {main} REQUEST_URI=/upfiles/avatars/aab3238922bcc25a6f606eb525ffdc56.jpeg
2011/05/25 09:21:46 [error] [exception.CHttpException.404] exception 'CHttpException' with message 'Unable to resolve the request "themes/forum/css/bgs/ad-tag.png".' in /home/paranoid/projects/yii-download/yii-1.1.3.r2247/framework/web/CWebApplication.php:332
Stack trace:
#0 /home/paranoid/projects/yii-download/yii-1.1.3.r2247/framework/web/CWebApplication.php(121): CWebApplication->runController('themes/forum/cs...')
#1 /home/paranoid/projects/yii-download/yii-1.1.3.r2247/framework/base/CApplication.php(155): CWebApplication->processRequest()
#2 /home/paranoid/projects/infuzhou/index.php(106): CApplication->run()
#3 {main} REQUEST_URI=/themes/forum/css/bgs/ad-tag.png
2011/05/25 09:21:51 [error] [exception.CHttpException.404] exception 'CHttpException' with message 'Unable to resolve the request "themes/forum/css/ibtn.css".' in /home/paranoid/projects/yii-download/yii-1.1.3.r2247/framework/web/CWebApplication.php:332
Stack trace:
#0 /home/paranoid/projects/yii-download/yii-1.1.3.r2247/framework/web/CWebApplication.php(121): CWebApplication->runController('themes/forum/cs...')
#1 /home/paranoid/projects/yii-download/yii-1.1.3.r2247/framework/base/CApplication.php(155): CWebApplication->processRequest()
#2 /home/paranoid/projects/infuzhou/index.php(106): CApplication->run()
#3 {main} REQUEST_URI=/themes/forum/css/ibtn.css
2011/05/25 09:21:51 [error] [exception.CHttpException.404] exception 'CHttpException' with message 'Unable to resolve the request "upfiles/avatars/aab3238922bcc25a6f606eb525ffdc56.jpeg".' in /home/paranoid/projects/yii-download/yii-1.1.3.r2247/framework/web/CWebApplication.php:332
Stack trace:
#0 /home/paranoid/projects/yii-download/yii-1.1.3.r2247/framework/web/CWebApplication.php(121): CWebApplication->runController('upfiles/avatars...')
#1 /home/paranoid/projects/yii-download/yii-1.1.3.r2247/framework/base/CApplication.php(155): CWebApplication->processRequest()
#2 /home/paranoid/projects/infuzhou/index.php(106): CApplication->run()
#3 {main} REQUEST_URI=/upfiles/avatars/aab3238922bcc25a6f606eb525ffdc56.jpeg
2011/05/25 09:21:51 [error] [exception.CHttpException.404] exception 'CHttpException' with message 'Unable to resolve the request "themes/forum/css/bgs/ad-tag.png".' in /home/paranoid/projects/yii-download/yii-1.1.3.r2247/framework/web/CWebApplication.php:332
Stack trace:
#0 /home/paranoid/projects/yii-download/yii-1.1.3.r2247/framework/web/CWebApplication.php(121): CWebApplication->runController('themes/forum/cs...')
#1 /home/paranoid/projects/yii-download/yii-1.1.3.r2247/framework/base/CApplication.php(155): CWebApplication->processRequest()
#2 /home/paranoid/projects/infuzhou/index.php(106): CApplication->run()
#3 {main} REQUEST_URI=/themes/forum/css/bgs/ad-tag.png
2011/05/25 09:21:55 [error] [exception.CHttpException.404] exception 'CHttpException' with message 'Unable to resolve the request "themes/forum/css/ibtn.css".' in /home/paranoid/projects/yii-download/yii-1.1.3.r2247/framework/web/CWebApplication.php:332
Stack trace:
#0 /home/paranoid/projects/yii-download/yii-1.1.3.r2247/framework/web/CWebApplication.php(121): CWebApplication->runController('themes/forum/cs...')
#1 /home/paranoid/projects/yii-download/yii-1.1.3.r2247/framework/base/CApplication.php(155): CWebApplication->processRequest()
#2 /home/paranoid/projects/infuzhou/index.php(106): CApplication->run()
#3 {main} REQUEST_URI=/themes/forum/css/ibtn.css
2011/05/25 09:21:55 [error] [exception.CHttpException.404] exception 'CHttpException' with message 'Unable to resolve the request "upfiles/avatars/aab3238922bcc25a6f606eb525ffdc56.jpeg".' in /home/paranoid/projects/yii-download/yii-1.1.3.r2247/framework/web/CWebApplication.php:332
Stack trace:
#0 /home/paranoid/projects/yii-download/yii-1.1.3.r2247/framework/web/CWebApplication.php(121): CWebApplication->runController('upfiles/avatars...')
#1 /home/paranoid/projects/yii-download/yii-1.1.3.r2247/framework/base/CApplication.php(155): CWebApplication->processRequest()
#2 /home/paranoid/projects/infuzhou/index.php(106): CApplication->run()
#3 {main} REQUEST_URI=/upfiles/avatars/aab3238922bcc25a6f606eb525ffdc56.jpeg
2011/05/25 09:21:55 [error] [exception.CHttpException.404] exception 'CHttpException' with message 'Unable to resolve the request "themes/forum/css/bgs/ad-tag.png".' in /home/paranoid/projects/yii-download/yii-1.1.3.r2247/framework/web/CWebApplication.php:332
Stack trace:
#0 /home/paranoid/projects/yii-download/yii-1.1.3.r2247/framework/web/CWebApplication.php(121): CWebApplication->runController('themes/forum/cs...')
#1 /home/paranoid/projects/yii-download/yii-1.1.3.r2247/framework/base/CApplication.php(155): CWebApplication->processRequest()
#2 /home/paranoid/projects/infuzhou/index.php(106): CApplication->run()
#3 {main} REQUEST_URI=/themes/forum/css/bgs/ad-tag.png
2011/05/25 09:22:00 [error] [exception.CHttpException.404] exception 'CHttpException' with message 'Unable to resolve the request "themes/forum/css/ibtn.css".' in /home/paranoid/projects/yii-download/yii-1.1.3.r2247/framework/web/CWebApplication.php:332
Stack trace:
#0 /home/paranoid/projects/yii-download/yii-1.1.3.r2247/framework/web/CWebApplication.php(121): CWebApplication->runController('themes/forum/cs...')
#1 /home/paranoid/projects/yii-download/yii-1.1.3.r2247/framework/base/CApplication.php(155): CWebApplication->processRequest()
#2 /home/paranoid/projects/infuzhou/index.php(106): CApplication->run()
#3 {main} REQUEST_URI=/themes/forum/css/ibtn.css
2011/05/25 09:22:00 [error] [exception.CHttpException.404] exception 'CHttpException' with message 'Unable to resolve the request "upfiles/avatars/aab3238922bcc25a6f606eb525ffdc56.jpeg".' in /home/paranoid/projects/yii-download/yii-1.1.3.r2247/framework/web/CWebApplication.php:332
Stack trace:
#0 /home/paranoid/projects/yii-download/yii-1.1.3.r2247/framework/web/CWebApplication.php(121): CWebApplication->runController('upfiles/avatars...')
#1 /home/paranoid/projects/yii-download/yii-1.1.3.r2247/framework/base/CApplication.php(155): CWebApplication->processRequest()
#2 /home/paranoid/projects/infuzhou/index.php(106): CApplication->run()
#3 {main} REQUEST_URI=/upfiles/avatars/aab3238922bcc25a6f606eb525ffdc56.jpeg
2011/05/25 09:22:00 [error] [exception.CHttpException.404] exception 'CHttpException' with message 'Unable to resolve the request "themes/forum/css/bgs/ad-tag.png".' in /home/paranoid/projects/yii-download/yii-1.1.3.r2247/framework/web/CWebApplication.php:332
Stack trace:
#0 /home/paranoid/projects/yii-download/yii-1.1.3.r2247/framework/web/CWebApplication.php(121): CWebApplication->runController('themes/forum/cs...')
#1 /home/paranoid/projects/yii-download/yii-1.1.3.r2247/framework/base/CApplication.php(155): CWebApplication->processRequest()
#2 /home/paranoid/projects/infuzhou/index.php(106): CApplication->run()
#3 {main} REQUEST_URI=/themes/forum/css/bgs/ad-tag.png
2011/05/25 09:22:04 [error] [exception.CHttpException.404] exception 'CHttpException' with message 'Unable to resolve the request "themes/forum/css/ibtn.css".' in /home/paranoid/projects/yii-download/yii-1.1.3.r2247/framework/web/CWebApplication.php:332
Stack trace:
#0 /home/paranoid/projects/yii-download/yii-1.1.3.r2247/framework/web/CWebApplication.php(121): CWebApplication->runController('themes/forum/cs...')
#1 /home/paranoid/projects/yii-download/yii-1.1.3.r2247/framework/base/CApplication.php(155): CWebApplication->processRequest()
#2 /home/paranoid/projects/infuzhou/index.php(106): CApplication->run()
#3 {main} REQUEST_URI=/themes/forum/css/ibtn.css
2011/05/25 09:22:04 [error] [exception.CHttpException.404] exception 'CHttpException' with message 'Unable to resolve the request "themes/forum/css/bgs/ad-tag.png".' in /home/paranoid/projects/yii-download/yii-1.1.3.r2247/framework/web/CWebApplication.php:332
Stack trace:
#0 /home/paranoid/projects/yii-download/yii-1.1.3.r2247/framework/web/CWebApplication.php(121): CWebApplication->runController('themes/forum/cs...')
#1 /home/paranoid/projects/yii-download/yii-1.1.3.r2247/framework/base/CApplication.php(155): CWebApplication->processRequest()
#2 /home/paranoid/projects/infuzhou/index.php(106): CApplication->run()
#3 {main} REQUEST_URI=/themes/forum/css/bgs/ad-tag.png
2011/05/25 09:22:06 [error] [exception.CHttpException.404] exception 'CHttpException' with message 'Unable to resolve the request "themes/forum/css/ibtn.css".' in /home/paranoid/projects/yii-download/yii-1.1.3.r2247/framework/web/CWebApplication.php:332
Stack trace:
#0 /home/paranoid/projects/yii-download/yii-1.1.3.r2247/framework/web/CWebApplication.php(121): CWebApplication->runController('themes/forum/cs...')
#1 /home/paranoid/projects/yii-download/yii-1.1.3.r2247/framework/base/CApplication.php(155): CWebApplication->processRequest()
#2 /home/paranoid/projects/infuzhou/index.php(106): CApplication->run()
#3 {main} REQUEST_URI=/themes/forum/css/ibtn.css
2011/05/25 09:22:06 [error] [exception.CHttpException.404] exception 'CHttpException' with message 'Unable to resolve the request "themes/forum/css/bgs/ad-tag.png".' in /home/paranoid/projects/yii-download/yii-1.1.3.r2247/framework/web/CWebApplication.php:332
Stack trace:
#0 /home/paranoid/projects/yii-download/yii-1.1.3.r2247/framework/web/CWebApplication.php(121): CWebApplication->runController('themes/forum/cs...')
#1 /home/paranoid/projects/yii-download/yii-1.1.3.r2247/framework/base/CApplication.php(155): CWebApplication->processRequest()
#2 /home/paranoid/projects/infuzhou/index.php(106): CApplication->run()
#3 {main} REQUEST_URI=/themes/forum/css/bgs/ad-tag.png
2011/05/25 09:24:41 [error] [exception.CHttpException.404] exception 'CHttpException' with message 'Unable to resolve the request "themes/forum/css/ibtn.css".' in /home/paranoid/projects/yii-download/yii-1.1.3.r2247/framework/web/CWebApplication.php:332
Stack trace:
#0 /home/paranoid/projects/yii-download/yii-1.1.3.r2247/framework/web/CWebApplication.php(121): CWebApplication->runController('themes/forum/cs...')
#1 /home/paranoid/projects/yii-download/yii-1.1.3.r2247/framework/base/CApplication.php(155): CWebApplication->processRequest()
#2 /home/paranoid/projects/infuzhou/index.php(106): CApplication->run()
#3 {main} REQUEST_URI=/themes/forum/css/ibtn.css
2011/05/25 09:24:41 [error] [exception.CHttpException.404] exception 'CHttpException' with message 'Unable to resolve the request "themes/forum/css/bgs/ad-tag.png".' in /home/paranoid/projects/yii-download/yii-1.1.3.r2247/framework/web/CWebApplication.php:332
Stack trace:
#0 /home/paranoid/projects/yii-download/yii-1.1.3.r2247/framework/web/CWebApplication.php(121): CWebApplication->runController('themes/forum/cs...')
#1 /home/paranoid/projects/yii-download/yii-1.1.3.r2247/framework/base/CApplication.php(155): CWebApplication->processRequest()
#2 /home/paranoid/projects/infuzhou/index.php(106): CApplication->run()
#3 {main} REQUEST_URI=/themes/forum/css/bgs/ad-tag.png
2011/05/25 09:24:43 [error] [exception.CHttpException.404] exception 'CHttpException' with message 'Unable to resolve the request "themes/forum/css/ibtn.css".' in /home/paranoid/projects/yii-download/yii-1.1.3.r2247/framework/web/CWebApplication.php:332
Stack trace:
#0 /home/paranoid/projects/yii-download/yii-1.1.3.r2247/framework/web/CWebApplication.php(121): CWebApplication->runController('themes/forum/cs...')
#1 /home/paranoid/projects/yii-download/yii-1.1.3.r2247/framework/base/CApplication.php(155): CWebApplication->processRequest()
#2 /home/paranoid/projects/infuzhou/index.php(106): CApplication->run()
#3 {main} REQUEST_URI=/themes/forum/css/ibtn.css
2011/05/25 09:24:43 [error] [exception.CHttpException.404] exception 'CHttpException' with message 'Unable to resolve the request "themes/forum/css/bgs/ad-tag.png".' in /home/paranoid/projects/yii-download/yii-1.1.3.r2247/framework/web/CWebApplication.php:332
Stack trace:
#0 /home/paranoid/projects/yii-download/yii-1.1.3.r2247/framework/web/CWebApplication.php(121): CWebApplication->runController('themes/forum/cs...')
#1 /home/paranoid/projects/yii-download/yii-1.1.3.r2247/framework/base/CApplication.php(155): CWebApplication->processRequest()
#2 /home/paranoid/projects/infuzhou/index.php(106): CApplication->run()
#3 {main} REQUEST_URI=/themes/forum/css/bgs/ad-tag.png
2011/05/25 09:24:45 [error] [exception.CHttpException.404] exception 'CHttpException' with message 'Unable to resolve the request "themes/forum/css/bgs/ad-tag.png".' in /home/paranoid/projects/yii-download/yii-1.1.3.r2247/framework/web/CWebApplication.php:332
Stack trace:
#0 /home/paranoid/projects/yii-download/yii-1.1.3.r2247/framework/web/CWebApplication.php(121): CWebApplication->runController('themes/forum/cs...')
#1 /home/paranoid/projects/yii-download/yii-1.1.3.r2247/framework/base/CApplication.php(155): CWebApplication->processRequest()
#2 /home/paranoid/projects/infuzhou/index.php(106): CApplication->run()
#3 {main} REQUEST_URI=/themes/forum/css/bgs/ad-tag.png
2011/05/25 09:24:49 [error] [exception.CHttpException.404] exception 'CHttpException' with message 'Unable to resolve the request "themes/forum/css/ibtn.css".' in /home/paranoid/projects/yii-download/yii-1.1.3.r2247/framework/web/CWebApplication.php:332
Stack trace:
#0 /home/paranoid/projects/yii-download/yii-1.1.3.r2247/framework/web/CWebApplication.php(121): CWebApplication->runController('themes/forum/cs...')
#1 /home/paranoid/projects/yii-download/yii-1.1.3.r2247/framework/base/CApplication.php(155): CWebApplication->processRequest()
#2 /home/paranoid/projects/infuzhou/index.php(106): CApplication->run()
#3 {main} REQUEST_URI=/themes/forum/css/ibtn.css
2011/05/25 09:24:50 [error] [exception.CHttpException.404] exception 'CHttpException' with message 'Unable to resolve the request "themes/forum/css/bgs/ad-tag.png".' in /home/paranoid/projects/yii-download/yii-1.1.3.r2247/framework/web/CWebApplication.php:332
Stack trace:
#0 /home/paranoid/projects/yii-download/yii-1.1.3.r2247/framework/web/CWebApplication.php(121): CWebApplication->runController('themes/forum/cs...')
#1 /home/paranoid/projects/yii-download/yii-1.1.3.r2247/framework/base/CApplication.php(155): CWebApplication->processRequest()
#2 /home/paranoid/projects/infuzhou/index.php(106): CApplication->run()
#3 {main} REQUEST_URI=/themes/forum/css/bgs/ad-tag.png
2011/05/25 09:24:51 [error] [exception.CHttpException.404] exception 'CHttpException' with message 'Unable to resolve the request "themes/forum/css/ibtn.css".' in /home/paranoid/projects/yii-download/yii-1.1.3.r2247/framework/web/CWebApplication.php:332
Stack trace:
#0 /home/paranoid/projects/yii-download/yii-1.1.3.r2247/framework/web/CWebApplication.php(121): CWebApplication->runController('themes/forum/cs...')
#1 /home/paranoid/projects/yii-download/yii-1.1.3.r2247/framework/base/CApplication.php(155): CWebApplication->processRequest()
#2 /home/paranoid/projects/infuzhou/index.php(106): CApplication->run()
#3 {main} REQUEST_URI=/themes/forum/css/ibtn.css
2011/05/25 09:24:52 [error] [exception.CHttpException.404] exception 'CHttpException' with message 'Unable to resolve the request "themes/forum/css/bgs/ad-tag.png".' in /home/paranoid/projects/yii-download/yii-1.1.3.r2247/framework/web/CWebApplication.php:332
Stack trace:
#0 /home/paranoid/projects/yii-download/yii-1.1.3.r2247/framework/web/CWebApplication.php(121): CWebApplication->runController('themes/forum/cs...')
#1 /home/paranoid/projects/yii-download/yii-1.1.3.r2247/framework/base/CApplication.php(155): CWebApplication->processRequest()
#2 /home/paranoid/projects/infuzhou/index.php(106): CApplication->run()
#3 {main} REQUEST_URI=/themes/forum/css/bgs/ad-tag.png
2011/05/25 09:25:05 [error] [exception.CHttpException.404] exception 'CHttpException' with message 'Unable to resolve the request "themes/forum/css/ibtn.css".' in /home/paranoid/projects/yii-download/yii-1.1.3.r2247/framework/web/CWebApplication.php:332
Stack trace:
#0 /home/paranoid/projects/yii-download/yii-1.1.3.r2247/framework/web/CWebApplication.php(121): CWebApplication->runController('themes/forum/cs...')
#1 /home/paranoid/projects/yii-download/yii-1.1.3.r2247/framework/base/CApplication.php(155): CWebApplication->processRequest()
#2 /home/paranoid/projects/infuzhou/index.php(106): CApplication->run()
#3 {main} REQUEST_URI=/themes/forum/css/ibtn.css
2011/05/25 09:25:05 [error] [exception.CHttpException.404] exception 'CHttpException' with message 'Unable to resolve the request "upfiles/avatars/aab3238922bcc25a6f606eb525ffdc56.jpg".' in /home/paranoid/projects/yii-download/yii-1.1.3.r2247/framework/web/CWebApplication.php:332
Stack trace:
#0 /home/paranoid/projects/yii-download/yii-1.1.3.r2247/framework/web/CWebApplication.php(121): CWebApplication->runController('upfiles/avatars...')
#1 /home/paranoid/projects/yii-download/yii-1.1.3.r2247/framework/base/CApplication.php(155): CWebApplication->processRequest()
#2 /home/paranoid/projects/infuzhou/index.php(106): CApplication->run()
#3 {main} REQUEST_URI=/upfiles/avatars/aab3238922bcc25a6f606eb525ffdc56.jpg
2011/05/25 09:25:05 [error] [exception.CHttpException.404] exception 'CHttpException' with message 'Unable to resolve the request "themes/forum/css/bgs/ad-tag.png".' in /home/paranoid/projects/yii-download/yii-1.1.3.r2247/framework/web/CWebApplication.php:332
Stack trace:
#0 /home/paranoid/projects/yii-download/yii-1.1.3.r2247/framework/web/CWebApplication.php(121): CWebApplication->runController('themes/forum/cs...')
#1 /home/paranoid/projects/yii-download/yii-1.1.3.r2247/framework/base/CApplication.php(155): CWebApplication->processRequest()
#2 /home/paranoid/projects/infuzhou/index.php(106): CApplication->run()
#3 {main} REQUEST_URI=/themes/forum/css/bgs/ad-tag.png
2011/05/25 09:25:07 [error] [exception.CHttpException.404] exception 'CHttpException' with message 'Unable to resolve the request "themes/forum/css/ibtn.css".' in /home/paranoid/projects/yii-download/yii-1.1.3.r2247/framework/web/CWebApplication.php:332
Stack trace:
#0 /home/paranoid/projects/yii-download/yii-1.1.3.r2247/framework/web/CWebApplication.php(121): CWebApplication->runController('themes/forum/cs...')
#1 /home/paranoid/projects/yii-download/yii-1.1.3.r2247/framework/base/CApplication.php(155): CWebApplication->processRequest()
#2 /home/paranoid/projects/infuzhou/index.php(106): CApplication->run()
#3 {main} REQUEST_URI=/themes/forum/css/ibtn.css
2011/05/25 09:25:07 [error] [exception.CHttpException.404] exception 'CHttpException' with message 'Unable to resolve the request "themes/forum/css/bgs/ad-tag.png".' in /home/paranoid/projects/yii-download/yii-1.1.3.r2247/framework/web/CWebApplication.php:332
Stack trace:
#0 /home/paranoid/projects/yii-download/yii-1.1.3.r2247/framework/web/CWebApplication.php(121): CWebApplication->runController('themes/forum/cs...')
#1 /home/paranoid/projects/yii-download/yii-1.1.3.r2247/framework/base/CApplication.php(155): CWebApplication->processRequest()
#2 /home/paranoid/projects/infuzhou/index.php(106): CApplication->run()
#3 {main} REQUEST_URI=/themes/forum/css/bgs/ad-tag.png
2011/05/25 09:25:07 [error] [exception.CHttpException.404] exception 'CHttpException' with message 'Unable to resolve the request "upfiles/avatars/aab3238922bcc25a6f606eb525ffdc56.jpg".' in /home/paranoid/projects/yii-download/yii-1.1.3.r2247/framework/web/CWebApplication.php:332
Stack trace:
#0 /home/paranoid/projects/yii-download/yii-1.1.3.r2247/framework/web/CWebApplication.php(121): CWebApplication->runController('upfiles/avatars...')
#1 /home/paranoid/projects/yii-download/yii-1.1.3.r2247/framework/base/CApplication.php(155): CWebApplication->processRequest()
#2 /home/paranoid/projects/infuzhou/index.php(106): CApplication->run()
#3 {main} REQUEST_URI=/upfiles/avatars/aab3238922bcc25a6f606eb525ffdc56.jpg
2011/05/25 09:25:11 [error] [exception.CHttpException.404] exception 'CHttpException' with message 'Unable to resolve the request "themes/forum/css/ibtn.css".' in /home/paranoid/projects/yii-download/yii-1.1.3.r2247/framework/web/CWebApplication.php:332
Stack trace:
#0 /home/paranoid/projects/yii-download/yii-1.1.3.r2247/framework/web/CWebApplication.php(121): CWebApplication->runController('themes/forum/cs...')
#1 /home/paranoid/projects/yii-download/yii-1.1.3.r2247/framework/base/CApplication.php(155): CWebApplication->processRequest()
#2 /home/paranoid/projects/infuzhou/index.php(106): CApplication->run()
#3 {main} REQUEST_URI=/themes/forum/css/ibtn.css
2011/05/25 09:25:11 [error] [exception.CHttpException.404] exception 'CHttpException' with message 'Unable to resolve the request "themes/forum/css/bgs/ad-tag.png".' in /home/paranoid/projects/yii-download/yii-1.1.3.r2247/framework/web/CWebApplication.php:332
Stack trace:
#0 /home/paranoid/projects/yii-download/yii-1.1.3.r2247/framework/web/CWebApplication.php(121): CWebApplication->runController('themes/forum/cs...')
#1 /home/paranoid/projects/yii-download/yii-1.1.3.r2247/framework/base/CApplication.php(155): CWebApplication->processRequest()
#2 /home/paranoid/projects/infuzhou/index.php(106): CApplication->run()
#3 {main} REQUEST_URI=/themes/forum/css/bgs/ad-tag.png
2011/05/25 09:25:14 [error] [exception.CHttpException.404] exception 'CHttpException' with message 'Unable to resolve the request "themes/forum/css/ibtn.css".' in /home/paranoid/projects/yii-download/yii-1.1.3.r2247/framework/web/CWebApplication.php:332
Stack trace:
#0 /home/paranoid/projects/yii-download/yii-1.1.3.r2247/framework/web/CWebApplication.php(121): CWebApplication->runController('themes/forum/cs...')
#1 /home/paranoid/projects/yii-download/yii-1.1.3.r2247/framework/base/CApplication.php(155): CWebApplication->processRequest()
#2 /home/paranoid/projects/infuzhou/index.php(106): CApplication->run()
#3 {main} REQUEST_URI=/themes/forum/css/ibtn.css
2011/05/25 09:25:14 [error] [exception.CHttpException.404] exception 'CHttpException' with message 'Unable to resolve the request "themes/forum/css/bgs/ad-tag.png".' in /home/paranoid/projects/yii-download/yii-1.1.3.r2247/framework/web/CWebApplication.php:332
Stack trace:
#0 /home/paranoid/projects/yii-download/yii-1.1.3.r2247/framework/web/CWebApplication.php(121): CWebApplication->runController('themes/forum/cs...')
#1 /home/paranoid/projects/yii-download/yii-1.1.3.r2247/framework/base/CApplication.php(155): CWebApplication->processRequest()
#2 /home/paranoid/projects/infuzhou/index.php(106): CApplication->run()
#3 {main} REQUEST_URI=/themes/forum/css/bgs/ad-tag.png
2011/05/25 09:25:33 [error] [exception.CHttpException.404] exception 'CHttpException' with message 'Unable to resolve the request "themes/forum/css/ibtn.css".' in /home/paranoid/projects/yii-download/yii-1.1.3.r2247/framework/web/CWebApplication.php:332
Stack trace:
#0 /home/paranoid/projects/yii-download/yii-1.1.3.r2247/framework/web/CWebApplication.php(121): CWebApplication->runController('themes/forum/cs...')
#1 /home/paranoid/projects/yii-download/yii-1.1.3.r2247/framework/base/CApplication.php(155): CWebApplication->processRequest()
#2 /home/paranoid/projects/infuzhou/index.php(106): CApplication->run()
#3 {main} REQUEST_URI=/themes/forum/css/ibtn.css
2011/05/25 09:25:33 [error] [exception.CHttpException.404] exception 'CHttpException' with message 'Unable to resolve the request "themes/forum/css/bgs/ad-tag.png".' in /home/paranoid/projects/yii-download/yii-1.1.3.r2247/framework/web/CWebApplication.php:332
Stack trace:
#0 /home/paranoid/projects/yii-download/yii-1.1.3.r2247/framework/web/CWebApplication.php(121): CWebApplication->runController('themes/forum/cs...')
#1 /home/paranoid/projects/yii-download/yii-1.1.3.r2247/framework/base/CApplication.php(155): CWebApplication->processRequest()
#2 /home/paranoid/projects/infuzhou/index.php(106): CApplication->run()
#3 {main} REQUEST_URI=/themes/forum/css/bgs/ad-tag.png
2011/05/25 09:26:23 [error] [exception.CHttpException.404] exception 'CHttpException' with message 'Unable to resolve the request "themes/forum/css/ibtn.css".' in /home/paranoid/projects/yii-download/yii-1.1.3.r2247/framework/web/CWebApplication.php:332
Stack trace:
#0 /home/paranoid/projects/yii-download/yii-1.1.3.r2247/framework/web/CWebApplication.php(121): CWebApplication->runController('themes/forum/cs...')
#1 /home/paranoid/projects/yii-download/yii-1.1.3.r2247/framework/base/CApplication.php(155): CWebApplication->processRequest()
#2 /home/paranoid/projects/infuzhou/index.php(106): CApplication->run()
#3 {main} REQUEST_URI=/themes/forum/css/ibtn.css
2011/05/25 09:26:24 [error] [exception.CHttpException.404] exception 'CHttpException' with message 'Unable to resolve the request "themes/forum/css/bgs/ad-tag.png".' in /home/paranoid/projects/yii-download/yii-1.1.3.r2247/framework/web/CWebApplication.php:332
Stack trace:
#0 /home/paranoid/projects/yii-download/yii-1.1.3.r2247/framework/web/CWebApplication.php(121): CWebApplication->runController('themes/forum/cs...')
#1 /home/paranoid/projects/yii-download/yii-1.1.3.r2247/framework/base/CApplication.php(155): CWebApplication->processRequest()
#2 /home/paranoid/projects/infuzhou/index.php(106): CApplication->run()
#3 {main} REQUEST_URI=/themes/forum/css/bgs/ad-tag.png
2011/05/25 09:26:26 [error] [exception.CHttpException.404] exception 'CHttpException' with message 'Unable to resolve the request "themes/forum/css/ibtn.css".' in /home/paranoid/projects/yii-download/yii-1.1.3.r2247/framework/web/CWebApplication.php:332
Stack trace:
#0 /home/paranoid/projects/yii-download/yii-1.1.3.r2247/framework/web/CWebApplication.php(121): CWebApplication->runController('themes/forum/cs...')
#1 /home/paranoid/projects/yii-download/yii-1.1.3.r2247/framework/base/CApplication.php(155): CWebApplication->processRequest()
#2 /home/paranoid/projects/infuzhou/index.php(106): CApplication->run()
#3 {main} REQUEST_URI=/themes/forum/css/ibtn.css
2011/05/25 09:26:26 [error] [exception.CHttpException.404] exception 'CHttpException' with message 'Unable to resolve the request "themes/forum/css/bgs/ad-tag.png".' in /home/paranoid/projects/yii-download/yii-1.1.3.r2247/framework/web/CWebApplication.php:332
Stack trace:
#0 /home/paranoid/projects/yii-download/yii-1.1.3.r2247/framework/web/CWebApplication.php(121): CWebApplication->runController('themes/forum/cs...')
#1 /home/paranoid/projects/yii-download/yii-1.1.3.r2247/framework/base/CApplication.php(155): CWebApplication->processRequest()
#2 /home/paranoid/projects/infuzhou/index.php(106): CApplication->run()
#3 {main} REQUEST_URI=/themes/forum/css/bgs/ad-tag.png
2011/05/25 09:26:28 [error] [exception.CHttpException.404] exception 'CHttpException' with message 'Unable to resolve the request "themes/forum/css/ibtn.css".' in /home/paranoid/projects/yii-download/yii-1.1.3.r2247/framework/web/CWebApplication.php:332
Stack trace:
#0 /home/paranoid/projects/yii-download/yii-1.1.3.r2247/framework/web/CWebApplication.php(121): CWebApplication->runController('themes/forum/cs...')
#1 /home/paranoid/projects/yii-download/yii-1.1.3.r2247/framework/base/CApplication.php(155): CWebApplication->processRequest()
#2 /home/paranoid/projects/infuzhou/index.php(106): CApplication->run()
#3 {main} REQUEST_URI=/themes/forum/css/ibtn.css
2011/05/25 09:26:28 [error] [exception.CHttpException.404] exception 'CHttpException' with message 'Unable to resolve the request "themes/forum/css/bgs/ad-tag.png".' in /home/paranoid/projects/yii-download/yii-1.1.3.r2247/framework/web/CWebApplication.php:332
Stack trace:
#0 /home/paranoid/projects/yii-download/yii-1.1.3.r2247/framework/web/CWebApplication.php(121): CWebApplication->runController('themes/forum/cs...')
#1 /home/paranoid/projects/yii-download/yii-1.1.3.r2247/framework/base/CApplication.php(155): CWebApplication->processRequest()
#2 /home/paranoid/projects/infuzhou/index.php(106): CApplication->run()
#3 {main} REQUEST_URI=/themes/forum/css/bgs/ad-tag.png
2011/05/25 09:26:30 [error] [exception.CHttpException.404] exception 'CHttpException' with message 'Unable to resolve the request "themes/forum/css/ibtn.css".' in /home/paranoid/projects/yii-download/yii-1.1.3.r2247/framework/web/CWebApplication.php:332
Stack trace:
#0 /home/paranoid/projects/yii-download/yii-1.1.3.r2247/framework/web/CWebApplication.php(121): CWebApplication->runController('themes/forum/cs...')
#1 /home/paranoid/projects/yii-download/yii-1.1.3.r2247/framework/base/CApplication.php(155): CWebApplication->processRequest()
#2 /home/paranoid/projects/infuzhou/index.php(106): CApplication->run()
#3 {main} REQUEST_URI=/themes/forum/css/ibtn.css
2011/05/25 09:26:30 [error] [exception.CHttpException.404] exception 'CHttpException' with message 'Unable to resolve the request "themes/forum/css/bgs/ad-tag.png".' in /home/paranoid/projects/yii-download/yii-1.1.3.r2247/framework/web/CWebApplication.php:332
Stack trace:
#0 /home/paranoid/projects/yii-download/yii-1.1.3.r2247/framework/web/CWebApplication.php(121): CWebApplication->runController('themes/forum/cs...')
#1 /home/paranoid/projects/yii-download/yii-1.1.3.r2247/framework/base/CApplication.php(155): CWebApplication->processRequest()
#2 /home/paranoid/projects/infuzhou/index.php(106): CApplication->run()
#3 {main} REQUEST_URI=/themes/forum/css/bgs/ad-tag.png
2011/05/25 09:26:31 [error] [exception.CHttpException.404] exception 'CHttpException' with message 'Unable to resolve the request "themes/forum/css/ibtn.css".' in /home/paranoid/projects/yii-download/yii-1.1.3.r2247/framework/web/CWebApplication.php:332
Stack trace:
#0 /home/paranoid/projects/yii-download/yii-1.1.3.r2247/framework/web/CWebApplication.php(121): CWebApplication->runController('themes/forum/cs...')
#1 /home/paranoid/projects/yii-download/yii-1.1.3.r2247/framework/base/CApplication.php(155): CWebApplication->processRequest()
#2 /home/paranoid/projects/infuzhou/index.php(106): CApplication->run()
#3 {main} REQUEST_URI=/themes/forum/css/ibtn.css
2011/05/25 09:26:31 [error] [exception.CHttpException.404] exception 'CHttpException' with message 'Unable to resolve the request "themes/forum/css/bgs/ad-tag.png".' in /home/paranoid/projects/yii-download/yii-1.1.3.r2247/framework/web/CWebApplication.php:332
Stack trace:
#0 /home/paranoid/projects/yii-download/yii-1.1.3.r2247/framework/web/CWebApplication.php(121): CWebApplication->runController('themes/forum/cs...')
#1 /home/paranoid/projects/yii-download/yii-1.1.3.r2247/framework/base/CApplication.php(155): CWebApplication->processRequest()
#2 /home/paranoid/projects/infuzhou/index.php(106): CApplication->run()
#3 {main} REQUEST_URI=/themes/forum/css/bgs/ad-tag.png
2011/05/25 09:32:56 [error] [exception.CHttpException.404] exception 'CHttpException' with message 'Unable to resolve the request "themes/forum/css/ibtn.css".' in /home/paranoid/projects/yii-download/yii-1.1.3.r2247/framework/web/CWebApplication.php:332
Stack trace:
#0 /home/paranoid/projects/yii-download/yii-1.1.3.r2247/framework/web/CWebApplication.php(121): CWebApplication->runController('themes/forum/cs...')
#1 /home/paranoid/projects/yii-download/yii-1.1.3.r2247/framework/base/CApplication.php(155): CWebApplication->processRequest()
#2 /home/paranoid/projects/infuzhou/index.php(106): CApplication->run()
#3 {main} REQUEST_URI=/themes/forum/css/ibtn.css
2011/05/25 09:32:56 [error] [exception.CHttpException.404] exception 'CHttpException' with message 'Unable to resolve the request "themes/forum/css/bgs/ad-tag.png".' in /home/paranoid/projects/yii-download/yii-1.1.3.r2247/framework/web/CWebApplication.php:332
Stack trace:
#0 /home/paranoid/projects/yii-download/yii-1.1.3.r2247/framework/web/CWebApplication.php(121): CWebApplication->runController('themes/forum/cs...')
#1 /home/paranoid/projects/yii-download/yii-1.1.3.r2247/framework/base/CApplication.php(155): CWebApplication->processRequest()
#2 /home/paranoid/projects/infuzhou/index.php(106): CApplication->run()
#3 {main} REQUEST_URI=/themes/forum/css/bgs/ad-tag.png
2011/05/25 09:32:58 [error] [exception.CHttpException.404] exception 'CHttpException' with message 'Unable to resolve the request "themes/forum/css/ibtn.css".' in /home/paranoid/projects/yii-download/yii-1.1.3.r2247/framework/web/CWebApplication.php:332
Stack trace:
#0 /home/paranoid/projects/yii-download/yii-1.1.3.r2247/framework/web/CWebApplication.php(121): CWebApplication->runController('themes/forum/cs...')
#1 /home/paranoid/projects/yii-download/yii-1.1.3.r2247/framework/base/CApplication.php(155): CWebApplication->processRequest()
#2 /home/paranoid/projects/infuzhou/index.php(106): CApplication->run()
#3 {main} REQUEST_URI=/themes/forum/css/ibtn.css
2011/05/25 09:32:58 [error] [exception.CHttpException.404] exception 'CHttpException' with message 'Unable to resolve the request "themes/forum/css/bgs/ad-tag.png".' in /home/paranoid/projects/yii-download/yii-1.1.3.r2247/framework/web/CWebApplication.php:332
Stack trace:
#0 /home/paranoid/projects/yii-download/yii-1.1.3.r2247/framework/web/CWebApplication.php(121): CWebApplication->runController('themes/forum/cs...')
#1 /home/paranoid/projects/yii-download/yii-1.1.3.r2247/framework/base/CApplication.php(155): CWebApplication->processRequest()
#2 /home/paranoid/projects/infuzhou/index.php(106): CApplication->run()
#3 {main} REQUEST_URI=/themes/forum/css/bgs/ad-tag.png
2011/05/25 09:33:00 [error] [exception.CHttpException.404] exception 'CHttpException' with message 'Unable to resolve the request "themes/forum/css/ibtn.css".' in /home/paranoid/projects/yii-download/yii-1.1.3.r2247/framework/web/CWebApplication.php:332
Stack trace:
#0 /home/paranoid/projects/yii-download/yii-1.1.3.r2247/framework/web/CWebApplication.php(121): CWebApplication->runController('themes/forum/cs...')
#1 /home/paranoid/projects/yii-download/yii-1.1.3.r2247/framework/base/CApplication.php(155): CWebApplication->processRequest()
#2 /home/paranoid/projects/infuzhou/index.php(106): CApplication->run()
#3 {main} REQUEST_URI=/themes/forum/css/ibtn.css
2011/05/25 09:33:00 [error] [exception.CHttpException.404] exception 'CHttpException' with message 'Unable to resolve the request "themes/forum/css/bgs/ad-tag.png".' in /home/paranoid/projects/yii-download/yii-1.1.3.r2247/framework/web/CWebApplication.php:332
Stack trace:
#0 /home/paranoid/projects/yii-download/yii-1.1.3.r2247/framework/web/CWebApplication.php(121): CWebApplication->runController('themes/forum/cs...')
#1 /home/paranoid/projects/yii-download/yii-1.1.3.r2247/framework/base/CApplication.php(155): CWebApplication->processRequest()
#2 /home/paranoid/projects/infuzhou/index.php(106): CApplication->run()
#3 {main} REQUEST_URI=/themes/forum/css/bgs/ad-tag.png
2011/05/25 09:33:21 [error] [exception.CHttpException.404] exception 'CHttpException' with message 'Unable to resolve the request "themes/forum/css/ibtn.css".' in /home/paranoid/projects/yii-download/yii-1.1.3.r2247/framework/web/CWebApplication.php:332
Stack trace:
#0 /home/paranoid/projects/yii-download/yii-1.1.3.r2247/framework/web/CWebApplication.php(121): CWebApplication->runController('themes/forum/cs...')
#1 /home/paranoid/projects/yii-download/yii-1.1.3.r2247/framework/base/CApplication.php(155): CWebApplication->processRequest()
#2 /home/paranoid/projects/infuzhou/index.php(106): CApplication->run()
#3 {main} REQUEST_URI=/themes/forum/css/ibtn.css
2011/05/25 09:33:21 [error] [exception.CHttpException.404] exception 'CHttpException' with message 'Unable to resolve the request "themes/forum/css/bgs/ad-tag.png".' in /home/paranoid/projects/yii-download/yii-1.1.3.r2247/framework/web/CWebApplication.php:332
Stack trace:
#0 /home/paranoid/projects/yii-download/yii-1.1.3.r2247/framework/web/CWebApplication.php(121): CWebApplication->runController('themes/forum/cs...')
#1 /home/paranoid/projects/yii-download/yii-1.1.3.r2247/framework/base/CApplication.php(155): CWebApplication->processRequest()
#2 /home/paranoid/projects/infuzhou/index.php(106): CApplication->run()
#3 {main} REQUEST_URI=/themes/forum/css/bgs/ad-tag.png
2011/05/25 09:33:22 [error] [exception.CHttpException.404] exception 'CHttpException' with message 'Unable to resolve the request "themes/forum/css/ibtn.css".' in /home/paranoid/projects/yii-download/yii-1.1.3.r2247/framework/web/CWebApplication.php:332
Stack trace:
#0 /home/paranoid/projects/yii-download/yii-1.1.3.r2247/framework/web/CWebApplication.php(121): CWebApplication->runController('themes/forum/cs...')
#1 /home/paranoid/projects/yii-download/yii-1.1.3.r2247/framework/base/CApplication.php(155): CWebApplication->processRequest()
#2 /home/paranoid/projects/infuzhou/index.php(106): CApplication->run()
#3 {main} REQUEST_URI=/themes/forum/css/ibtn.css
2011/05/25 09:33:22 [error] [exception.CHttpException.404] exception 'CHttpException' with message 'Unable to resolve the request "themes/forum/css/bgs/ad-tag.png".' in /home/paranoid/projects/yii-download/yii-1.1.3.r2247/framework/web/CWebApplication.php:332
Stack trace:
#0 /home/paranoid/projects/yii-download/yii-1.1.3.r2247/framework/web/CWebApplication.php(121): CWebApplication->runController('themes/forum/cs...')
#1 /home/paranoid/projects/yii-download/yii-1.1.3.r2247/framework/base/CApplication.php(155): CWebApplication->processRequest()
#2 /home/paranoid/projects/infuzhou/index.php(106): CApplication->run()
#3 {main} REQUEST_URI=/themes/forum/css/bgs/ad-tag.png
2011/05/25 09:33:23 [error] [exception.CHttpException.404] exception 'CHttpException' with message 'Unable to resolve the request "themes/forum/css/ibtn.css".' in /home/paranoid/projects/yii-download/yii-1.1.3.r2247/framework/web/CWebApplication.php:332
Stack trace:
#0 /home/paranoid/projects/yii-download/yii-1.1.3.r2247/framework/web/CWebApplication.php(121): CWebApplication->runController('themes/forum/cs...')
#1 /home/paranoid/projects/yii-download/yii-1.1.3.r2247/framework/base/CApplication.php(155): CWebApplication->processRequest()
#2 /home/paranoid/projects/infuzhou/index.php(106): CApplication->run()
#3 {main} REQUEST_URI=/themes/forum/css/ibtn.css
2011/05/25 09:33:23 [error] [exception.CHttpException.404] exception 'CHttpException' with message 'Unable to resolve the request "themes/forum/css/bgs/ad-tag.png".' in /home/paranoid/projects/yii-download/yii-1.1.3.r2247/framework/web/CWebApplication.php:332
Stack trace:
#0 /home/paranoid/projects/yii-download/yii-1.1.3.r2247/framework/web/CWebApplication.php(121): CWebApplication->runController('themes/forum/cs...')
#1 /home/paranoid/projects/yii-download/yii-1.1.3.r2247/framework/base/CApplication.php(155): CWebApplication->processRequest()
#2 /home/paranoid/projects/infuzhou/index.php(106): CApplication->run()
#3 {main} REQUEST_URI=/themes/forum/css/bgs/ad-tag.png
2011/05/25 09:33:24 [error] [exception.CHttpException.404] exception 'CHttpException' with message 'Unable to resolve the request "themes/forum/css/ibtn.css".' in /home/paranoid/projects/yii-download/yii-1.1.3.r2247/framework/web/CWebApplication.php:332
Stack trace:
#0 /home/paranoid/projects/yii-download/yii-1.1.3.r2247/framework/web/CWebApplication.php(121): CWebApplication->runController('themes/forum/cs...')
#1 /home/paranoid/projects/yii-download/yii-1.1.3.r2247/framework/base/CApplication.php(155): CWebApplication->processRequest()
#2 /home/paranoid/projects/infuzhou/index.php(106): CApplication->run()
#3 {main} REQUEST_URI=/themes/forum/css/ibtn.css
2011/05/25 09:33:24 [error] [exception.CHttpException.404] exception 'CHttpException' with message 'Unable to resolve the request "themes/forum/css/bgs/ad-tag.png".' in /home/paranoid/projects/yii-download/yii-1.1.3.r2247/framework/web/CWebApplication.php:332
Stack trace:
#0 /home/paranoid/projects/yii-download/yii-1.1.3.r2247/framework/web/CWebApplication.php(121): CWebApplication->runController('themes/forum/cs...')
#1 /home/paranoid/projects/yii-download/yii-1.1.3.r2247/framework/base/CApplication.php(155): CWebApplication->processRequest()
#2 /home/paranoid/projects/infuzhou/index.php(106): CApplication->run()
#3 {main} REQUEST_URI=/themes/forum/css/bgs/ad-tag.png
2011/05/25 09:33:25 [error] [exception.CHttpException.404] exception 'CHttpException' with message 'Unable to resolve the request "themes/forum/css/ibtn.css".' in /home/paranoid/projects/yii-download/yii-1.1.3.r2247/framework/web/CWebApplication.php:332
Stack trace:
#0 /home/paranoid/projects/yii-download/yii-1.1.3.r2247/framework/web/CWebApplication.php(121): CWebApplication->runController('themes/forum/cs...')
#1 /home/paranoid/projects/yii-download/yii-1.1.3.r2247/framework/base/CApplication.php(155): CWebApplication->processRequest()
#2 /home/paranoid/projects/infuzhou/index.php(106): CApplication->run()
#3 {main} REQUEST_URI=/themes/forum/css/ibtn.css
2011/05/25 09:33:25 [error] [exception.CHttpException.404] exception 'CHttpException' with message 'Unable to resolve the request "themes/forum/css/bgs/ad-tag.png".' in /home/paranoid/projects/yii-download/yii-1.1.3.r2247/framework/web/CWebApplication.php:332
Stack trace:
#0 /home/paranoid/projects/yii-download/yii-1.1.3.r2247/framework/web/CWebApplication.php(121): CWebApplication->runController('themes/forum/cs...')
#1 /home/paranoid/projects/yii-download/yii-1.1.3.r2247/framework/base/CApplication.php(155): CWebApplication->processRequest()
#2 /home/paranoid/projects/infuzhou/index.php(106): CApplication->run()
#3 {main} REQUEST_URI=/themes/forum/css/bgs/ad-tag.png
2011/05/25 11:28:45 [error] [exception.CHttpException.404] exception 'CHttpException' with message 'Unable to resolve the request "themes/forum/css/ibtn.css".' in /home/paranoid/projects/yii-download/yii-1.1.3.r2247/framework/web/CWebApplication.php:332
Stack trace:
#0 /home/paranoid/projects/yii-download/yii-1.1.3.r2247/framework/web/CWebApplication.php(121): CWebApplication->runController('themes/forum/cs...')
#1 /home/paranoid/projects/yii-download/yii-1.1.3.r2247/framework/base/CApplication.php(155): CWebApplication->processRequest()
#2 /home/paranoid/projects/infuzhou/index.php(106): CApplication->run()
#3 {main} REQUEST_URI=/themes/forum/css/ibtn.css
2011/05/25 11:28:45 [error] [exception.CHttpException.404] exception 'CHttpException' with message 'Unable to resolve the request "themes/forum/css/bgs/ad-tag.png".' in /home/paranoid/projects/yii-download/yii-1.1.3.r2247/framework/web/CWebApplication.php:332
Stack trace:
#0 /home/paranoid/projects/yii-download/yii-1.1.3.r2247/framework/web/CWebApplication.php(121): CWebApplication->runController('themes/forum/cs...')
#1 /home/paranoid/projects/yii-download/yii-1.1.3.r2247/framework/base/CApplication.php(155): CWebApplication->processRequest()
#2 /home/paranoid/projects/infuzhou/index.php(106): CApplication->run()
#3 {main} REQUEST_URI=/themes/forum/css/bgs/ad-tag.png
2011/05/25 11:35:25 [error] [exception.CHttpException.404] exception 'CHttpException' with message 'Unable to resolve the request "themes/forum/css/ibtn.css".' in /home/paranoid/projects/yii-download/yii-1.1.3.r2247/framework/web/CWebApplication.php:332
Stack trace:
#0 /home/paranoid/projects/yii-download/yii-1.1.3.r2247/framework/web/CWebApplication.php(121): CWebApplication->runController('themes/forum/cs...')
#1 /home/paranoid/projects/yii-download/yii-1.1.3.r2247/framework/base/CApplication.php(155): CWebApplication->processRequest()
#2 /home/paranoid/projects/infuzhou/index.php(125): CApplication->run()
#3 {main} REQUEST_URI=/themes/forum/css/ibtn.css
2011/05/25 11:35:25 [error] [exception.CHttpException.404] exception 'CHttpException' with message 'Unable to resolve the request "themes/forum/css/bgs/ad-tag.png".' in /home/paranoid/projects/yii-download/yii-1.1.3.r2247/framework/web/CWebApplication.php:332
Stack trace:
#0 /home/paranoid/projects/yii-download/yii-1.1.3.r2247/framework/web/CWebApplication.php(121): CWebApplication->runController('themes/forum/cs...')
#1 /home/paranoid/projects/yii-download/yii-1.1.3.r2247/framework/base/CApplication.php(155): CWebApplication->processRequest()
#2 /home/paranoid/projects/infuzhou/index.php(125): CApplication->run()
#3 {main} REQUEST_URI=/themes/forum/css/bgs/ad-tag.png
2011/05/25 11:35:29 [error] [exception.CHttpException.404] exception 'CHttpException' with message 'Unable to resolve the request "themes/forum/css/ibtn.css".' in /home/paranoid/projects/yii-download/yii-1.1.3.r2247/framework/web/CWebApplication.php:332
Stack trace:
#0 /home/paranoid/projects/yii-download/yii-1.1.3.r2247/framework/web/CWebApplication.php(121): CWebApplication->runController('themes/forum/cs...')
#1 /home/paranoid/projects/yii-download/yii-1.1.3.r2247/framework/base/CApplication.php(155): CWebApplication->processRequest()
#2 /home/paranoid/projects/infuzhou/index.php(125): CApplication->run()
#3 {main} REQUEST_URI=/themes/forum/css/ibtn.css
2011/05/25 11:35:29 [error] [exception.CHttpException.404] exception 'CHttpException' with message 'Unable to resolve the request "themes/forum/css/bgs/ad-tag.png".' in /home/paranoid/projects/yii-download/yii-1.1.3.r2247/framework/web/CWebApplication.php:332
Stack trace:
#0 /home/paranoid/projects/yii-download/yii-1.1.3.r2247/framework/web/CWebApplication.php(121): CWebApplication->runController('themes/forum/cs...')
#1 /home/paranoid/projects/yii-download/yii-1.1.3.r2247/framework/base/CApplication.php(155): CWebApplication->processRequest()
#2 /home/paranoid/projects/infuzhou/index.php(125): CApplication->run()
#3 {main} REQUEST_URI=/themes/forum/css/bgs/ad-tag.png
2011/05/25 11:35:39 [error] [exception.CException] exception 'CException' with message 'CAssetManager.basePath "/home/paranoid/projects/infuzhou/assets" 是无效的. 请确定它是一个可被 Web server process 写入资料的目录.' in /home/paranoid/projects/yii-download/yii-1.1.3.r2247/framework/web/CAssetManager.php:98
Stack trace:
#0 /home/paranoid/projects/yii-download/yii-1.1.3.r2247/framework/web/CAssetManager.php(83): CAssetManager->setBasePath('/home/paranoid/...')
#1 /home/paranoid/projects/yii-download/yii-1.1.3.r2247/framework/web/CAssetManager.php(192): CAssetManager->getBasePath()
#2 /home/paranoid/projects/yii-download/yii-1.1.3.r2247/framework/web/CClientScript.php(464): CAssetManager->publish('/home/paranoid/...')
#3 /home/paranoid/projects/yii-download/yii-1.1.3.r2247/framework/web/CClientScript.php(317): CClientScript->getCoreScriptUrl()
#4 /home/paranoid/projects/yii-download/yii-1.1.3.r2247/framework/web/CClientScript.php(197): CClientScript->renderCoreScripts()
#5 /home/paranoid/projects/yii-download/yii-1.1.3.r2247/framework/web/CController.php(343): CClientScript->render('<!DOCTYPE html ...')
#6 /home/paranoid/projects/yii-download/yii-1.1.3.r2247/framework/web/CController.php(785): CController->processOutput('<!DOCTYPE html ...')
#7 /home/paranoid/projects/infuzhou/protected/controllers/SiteController.php(93): CController->render('login', Array)
#8 /home/paranoid/projects/yii-download/yii-1.1.3.r2247/framework/web/actions/CInlineAction.php(50): SiteController->actionLogin()
#9 /home/paranoid/projects/yii-download/yii-1.1.3.r2247/framework/web/CController.php(300): CInlineAction->runWithParams(Array)
#10 /home/paranoid/projects/yii-download/yii-1.1.3.r2247/framework/web/CController.php(278): CController->runAction(Object(CInlineAction))
#11 /home/paranoid/projects/yii-download/yii-1.1.3.r2247/framework/web/CController.php(257): CController->runActionWithFilters(Object(CInlineAction), Array)
#12 /home/paranoid/projects/yii-download/yii-1.1.3.r2247/framework/web/CWebApplication.php(328): CController->run('login')
#13 /home/paranoid/projects/yii-download/yii-1.1.3.r2247/framework/web/CWebApplication.php(121): CWebApplication->runController('site/login')
#14 /home/paranoid/projects/yii-download/yii-1.1.3.r2247/framework/base/CApplication.php(155): CWebApplication->processRequest()
#15 /home/paranoid/projects/infuzhou/index.php(125): CApplication->run()
#16 {main} REQUEST_URI=/index.php?r=site/login
2011/05/25 11:36:02 [error] [exception.CHttpException.404] exception 'CHttpException' with message 'Unable to resolve the request "css/form.css".' in /home/paranoid/projects/yii-download/yii-1.1.3.r2247/framework/web/CWebApplication.php:332
Stack trace:
#0 /home/paranoid/projects/yii-download/yii-1.1.3.r2247/framework/web/CWebApplication.php(121): CWebApplication->runController('css/form.css')
#1 /home/paranoid/projects/yii-download/yii-1.1.3.r2247/framework/base/CApplication.php(155): CWebApplication->processRequest()
#2 /home/paranoid/projects/infuzhou/index.php(125): CApplication->run()
#3 {main} REQUEST_URI=/css/form.css
2011/05/25 11:36:02 [error] [exception.CHttpException.404] exception 'CHttpException' with message 'Unable to resolve the request "css/jquery-ui-1.8.2.custom.css".' in /home/paranoid/projects/yii-download/yii-1.1.3.r2247/framework/web/CWebApplication.php:332
Stack trace:
#0 /home/paranoid/projects/yii-download/yii-1.1.3.r2247/framework/web/CWebApplication.php(121): CWebApplication->runController('css/jquery-ui-1...')
#1 /home/paranoid/projects/yii-download/yii-1.1.3.r2247/framework/base/CApplication.php(155): CWebApplication->processRequest()
#2 /home/paranoid/projects/infuzhou/index.php(125): CApplication->run()
#3 {main} REQUEST_URI=/css/jquery-ui-1.8.2.custom.css
2011/05/25 11:36:08 [error] [exception.CHttpException.404] exception 'CHttpException' with message 'Unable to resolve the request "css/jquery-ui-1.8.2.custom.css".' in /home/paranoid/projects/yii-download/yii-1.1.3.r2247/framework/web/CWebApplication.php:332
Stack trace:
#0 /home/paranoid/projects/yii-download/yii-1.1.3.r2247/framework/web/CWebApplication.php(121): CWebApplication->runController('css/jquery-ui-1...')
#1 /home/paranoid/projects/yii-download/yii-1.1.3.r2247/framework/base/CApplication.php(155): CWebApplication->processRequest()
#2 /home/paranoid/projects/infuzhou/index.php(125): CApplication->run()
#3 {main} REQUEST_URI=/css/jquery-ui-1.8.2.custom.css
2011/05/25 11:36:08 [error] [exception.CHttpException.404] exception 'CHttpException' with message 'Unable to resolve the request "css/form.css".' in /home/paranoid/projects/yii-download/yii-1.1.3.r2247/framework/web/CWebApplication.php:332
Stack trace:
#0 /home/paranoid/projects/yii-download/yii-1.1.3.r2247/framework/web/CWebApplication.php(121): CWebApplication->runController('css/form.css')
#1 /home/paranoid/projects/yii-download/yii-1.1.3.r2247/framework/base/CApplication.php(155): CWebApplication->processRequest()
#2 /home/paranoid/projects/infuzhou/index.php(125): CApplication->run()
#3 {main} REQUEST_URI=/css/form.css
2011/05/25 11:38:33 [error] [exception.CHttpException.404] exception 'CHttpException' with message 'Unable to resolve the request "css/widgContent.css".' in /home/paranoid/projects/yii-download/yii-1.1.3.r2247/framework/web/CWebApplication.php:332
Stack trace:
#0 /home/paranoid/projects/yii-download/yii-1.1.3.r2247/framework/web/CWebApplication.php(121): CWebApplication->runController('css/widgContent...')
#1 /home/paranoid/projects/yii-download/yii-1.1.3.r2247/framework/base/CApplication.php(155): CWebApplication->processRequest()
#2 /home/paranoid/projects/infuzhou/index.php(125): CApplication->run()
#3 {main} REQUEST_URI=/css/widgContent.css
2011/05/25 11:38:34 [error] [exception.CHttpException.404] exception 'CHttpException' with message 'Unable to resolve the request "themes/classic/images/widgeditor_button_shadow.gif".' in /home/paranoid/projects/yii-download/yii-1.1.3.r2247/framework/web/CWebApplication.php:332
Stack trace:
#0 /home/paranoid/projects/yii-download/yii-1.1.3.r2247/framework/web/CWebApplication.php(121): CWebApplication->runController('themes/classic/...')
#1 /home/paranoid/projects/yii-download/yii-1.1.3.r2247/framework/base/CApplication.php(155): CWebApplication->processRequest()
#2 /home/paranoid/projects/infuzhou/index.php(125): CApplication->run()
#3 {main} REQUEST_URI=/themes/classic/images/widgeditor_button_shadow.gif
2011/05/25 11:38:45 [error] [exception.CHttpException.404] exception 'CHttpException' with message 'Unable to resolve the request "upfiles/2011/05/07/1304746936_160_120.jpg".' in /home/paranoid/projects/yii-download/yii-1.1.3.r2247/framework/web/CWebApplication.php:332
Stack trace:
#0 /home/paranoid/projects/yii-download/yii-1.1.3.r2247/framework/web/CWebApplication.php(121): CWebApplication->runController('upfiles/2011/05...')
#1 /home/paranoid/projects/yii-download/yii-1.1.3.r2247/framework/base/CApplication.php(155): CWebApplication->processRequest()
#2 /home/paranoid/projects/infuzhou/index.php(125): CApplication->run()
#3 {main} REQUEST_URI=/upfiles/2011/05/07/1304746936_160_120.jpg
2011/05/25 11:38:45 [error] [exception.CHttpException.404] exception 'CHttpException' with message 'Unable to resolve the request "upfiles/2011/05/05/1304607512_160_120.jpg".' in /home/paranoid/projects/yii-download/yii-1.1.3.r2247/framework/web/CWebApplication.php:332
Stack trace:
#0 /home/paranoid/projects/yii-download/yii-1.1.3.r2247/framework/web/CWebApplication.php(121): CWebApplication->runController('upfiles/2011/05...')
#1 /home/paranoid/projects/yii-download/yii-1.1.3.r2247/framework/base/CApplication.php(155): CWebApplication->processRequest()
#2 /home/paranoid/projects/infuzhou/index.php(125): CApplication->run()
#3 {main} REQUEST_URI=/upfiles/2011/05/05/1304607512_160_120.jpg
2011/05/25 11:38:46 [error] [exception.CHttpException.404] exception 'CHttpException' with message 'Unable to resolve the request "upfiles/2011/05/03/1304352732_160_120.jpg".' in /home/paranoid/projects/yii-download/yii-1.1.3.r2247/framework/web/CWebApplication.php:332
Stack trace:
#0 /home/paranoid/projects/yii-download/yii-1.1.3.r2247/framework/web/CWebApplication.php(121): CWebApplication->runController('upfiles/2011/05...')
#1 /home/paranoid/projects/yii-download/yii-1.1.3.r2247/framework/base/CApplication.php(155): CWebApplication->processRequest()
#2 /home/paranoid/projects/infuzhou/index.php(125): CApplication->run()
#3 {main} REQUEST_URI=/upfiles/2011/05/03/1304352732_160_120.jpg
2011/05/25 11:38:46 [error] [exception.CHttpException.404] exception 'CHttpException' with message 'Unable to resolve the request "upfiles/2011/05/03/1304352855_160_120.jpg".' in /home/paranoid/projects/yii-download/yii-1.1.3.r2247/framework/web/CWebApplication.php:332
Stack trace:
#0 /home/paranoid/projects/yii-download/yii-1.1.3.r2247/framework/web/CWebApplication.php(121): CWebApplication->runController('upfiles/2011/05...')
#1 /home/paranoid/projects/yii-download/yii-1.1.3.r2247/framework/base/CApplication.php(155): CWebApplication->processRequest()
#2 /home/paranoid/projects/infuzhou/index.php(125): CApplication->run()
#3 {main} REQUEST_URI=/upfiles/2011/05/03/1304352855_160_120.jpg
2011/05/25 11:38:46 [error] [exception.CHttpException.404] exception 'CHttpException' with message 'Unable to resolve the request "upfiles/2011/05/03/1304352772_160_120.jpg".' in /home/paranoid/projects/yii-download/yii-1.1.3.r2247/framework/web/CWebApplication.php:332
Stack trace:
#0 /home/paranoid/projects/yii-download/yii-1.1.3.r2247/framework/web/CWebApplication.php(121): CWebApplication->runController('upfiles/2011/05...')
#1 /home/paranoid/projects/yii-download/yii-1.1.3.r2247/framework/base/CApplication.php(155): CWebApplication->processRequest()
#2 /home/paranoid/projects/infuzhou/index.php(125): CApplication->run()
#3 {main} REQUEST_URI=/upfiles/2011/05/03/1304352772_160_120.jpg
2011/05/25 11:38:46 [error] [exception.CHttpException.404] exception 'CHttpException' with message 'Unable to resolve the request "upfiles/2011/05/03/1304352777_160_120.jpg".' in /home/paranoid/projects/yii-download/yii-1.1.3.r2247/framework/web/CWebApplication.php:332
Stack trace:
#0 /home/paranoid/projects/yii-download/yii-1.1.3.r2247/framework/web/CWebApplication.php(121): CWebApplication->runController('upfiles/2011/05...')
#1 /home/paranoid/projects/yii-download/yii-1.1.3.r2247/framework/base/CApplication.php(155): CWebApplication->processRequest()
#2 /home/paranoid/projects/infuzhou/index.php(125): CApplication->run()
#3 {main} REQUEST_URI=/upfiles/2011/05/03/1304352777_160_120.jpg
2011/05/25 11:38:46 [error] [exception.CHttpException.404] exception 'CHttpException' with message 'Unable to resolve the request "upfiles/2011/05/03/1304352799_160_120.jpg".' in /home/paranoid/projects/yii-download/yii-1.1.3.r2247/framework/web/CWebApplication.php:332
Stack trace:
#0 /home/paranoid/projects/yii-download/yii-1.1.3.r2247/framework/web/CWebApplication.php(121): CWebApplication->runController('upfiles/2011/05...')
#1 /home/paranoid/projects/yii-download/yii-1.1.3.r2247/framework/base/CApplication.php(155): CWebApplication->processRequest()
#2 /home/paranoid/projects/infuzhou/index.php(125): CApplication->run()
#3 {main} REQUEST_URI=/upfiles/2011/05/03/1304352799_160_120.jpg
2011/05/25 11:38:46 [error] [exception.CHttpException.404] exception 'CHttpException' with message 'Unable to resolve the request "upfiles/2011/05/03/1304352830_160_120.jpg".' in /home/paranoid/projects/yii-download/yii-1.1.3.r2247/framework/web/CWebApplication.php:332
Stack trace:
#0 /home/paranoid/projects/yii-download/yii-1.1.3.r2247/framework/web/CWebApplication.php(121): CWebApplication->runController('upfiles/2011/05...')
#1 /home/paranoid/projects/yii-download/yii-1.1.3.r2247/framework/base/CApplication.php(155): CWebApplication->processRequest()
#2 /home/paranoid/projects/infuzhou/index.php(125): CApplication->run()
#3 {main} REQUEST_URI=/upfiles/2011/05/03/1304352830_160_120.jpg
2011/05/25 11:38:46 [error] [exception.CHttpException.404] exception 'CHttpException' with message 'Unable to resolve the request "upfiles/2011/05/03/1304352815_160_120.jpg".' in /home/paranoid/projects/yii-download/yii-1.1.3.r2247/framework/web/CWebApplication.php:332
Stack trace:
#0 /home/paranoid/projects/yii-download/yii-1.1.3.r2247/framework/web/CWebApplication.php(121): CWebApplication->runController('upfiles/2011/05...')
#1 /home/paranoid/projects/yii-download/yii-1.1.3.r2247/framework/base/CApplication.php(155): CWebApplication->processRequest()
#2 /home/paranoid/projects/infuzhou/index.php(125): CApplication->run()
#3 {main} REQUEST_URI=/upfiles/2011/05/03/1304352815_160_120.jpg
2011/05/25 11:38:46 [error] [exception.CHttpException.404] exception 'CHttpException' with message 'Unable to resolve the request "upfiles/2011/05/05/1304607512_160_120.jpg".' in /home/paranoid/projects/yii-download/yii-1.1.3.r2247/framework/web/CWebApplication.php:332
Stack trace:
#0 /home/paranoid/projects/yii-download/yii-1.1.3.r2247/framework/web/CWebApplication.php(121): CWebApplication->runController('upfiles/2011/05...')
#1 /home/paranoid/projects/yii-download/yii-1.1.3.r2247/framework/base/CApplication.php(155): CWebApplication->processRequest()
#2 /home/paranoid/projects/infuzhou/index.php(125): CApplication->run()
#3 {main} REQUEST_URI=/upfiles/2011/05/05/1304607512_160_120.jpg
2011/05/25 11:38:47 [error] [exception.CHttpException.404] exception 'CHttpException' with message 'Unable to resolve the request "upfiles/2011/05/07/1304746936_160_120.jpg".' in /home/paranoid/projects/yii-download/yii-1.1.3.r2247/framework/web/CWebApplication.php:332
Stack trace:
#0 /home/paranoid/projects/yii-download/yii-1.1.3.r2247/framework/web/CWebApplication.php(121): CWebApplication->runController('upfiles/2011/05...')
#1 /home/paranoid/projects/yii-download/yii-1.1.3.r2247/framework/base/CApplication.php(155): CWebApplication->processRequest()
#2 /home/paranoid/projects/infuzhou/index.php(125): CApplication->run()
#3 {main} REQUEST_URI=/upfiles/2011/05/07/1304746936_160_120.jpg
2011/05/25 11:38:47 [error] [exception.CHttpException.404] exception 'CHttpException' with message 'Unable to resolve the request "upfiles/2011/05/21/1305973726_160_120.jpg".' in /home/paranoid/projects/yii-download/yii-1.1.3.r2247/framework/web/CWebApplication.php:332
Stack trace:
#0 /home/paranoid/projects/yii-download/yii-1.1.3.r2247/framework/web/CWebApplication.php(121): CWebApplication->runController('upfiles/2011/05...')
#1 /home/paranoid/projects/yii-download/yii-1.1.3.r2247/framework/base/CApplication.php(155): CWebApplication->processRequest()
#2 /home/paranoid/projects/infuzhou/index.php(125): CApplication->run()
#3 {main} REQUEST_URI=/upfiles/2011/05/21/1305973726_160_120.jpg
2011/05/25 11:38:49 [error] [exception.CHttpException.404] exception 'CHttpException' with message 'Unable to resolve the request "upfiles/2011/05/05/1304607512_160_120.jpg".' in /home/paranoid/projects/yii-download/yii-1.1.3.r2247/framework/web/CWebApplication.php:332
Stack trace:
#0 /home/paranoid/projects/yii-download/yii-1.1.3.r2247/framework/web/CWebApplication.php(121): CWebApplication->runController('upfiles/2011/05...')
#1 /home/paranoid/projects/yii-download/yii-1.1.3.r2247/framework/base/CApplication.php(155): CWebApplication->processRequest()
#2 /home/paranoid/projects/infuzhou/index.php(125): CApplication->run()
#3 {main} REQUEST_URI=/upfiles/2011/05/05/1304607512_160_120.jpg
2011/05/25 11:38:50 [error] [exception.CHttpException.404] exception 'CHttpException' with message 'Unable to resolve the request "upfiles/2011/05/07/1304746936_160_120.jpg".' in /home/paranoid/projects/yii-download/yii-1.1.3.r2247/framework/web/CWebApplication.php:332
Stack trace:
#0 /home/paranoid/projects/yii-download/yii-1.1.3.r2247/framework/web/CWebApplication.php(121): CWebApplication->runController('upfiles/2011/05...')
#1 /home/paranoid/projects/yii-download/yii-1.1.3.r2247/framework/base/CApplication.php(155): CWebApplication->processRequest()
#2 /home/paranoid/projects/infuzhou/index.php(125): CApplication->run()
#3 {main} REQUEST_URI=/upfiles/2011/05/07/1304746936_160_120.jpg
2011/05/25 11:38:50 [error] [exception.CHttpException.404] exception 'CHttpException' with message 'Unable to resolve the request "upfiles/2011/05/21/1305973726_160_120.jpg".' in /home/paranoid/projects/yii-download/yii-1.1.3.r2247/framework/web/CWebApplication.php:332
Stack trace:
#0 /home/paranoid/projects/yii-download/yii-1.1.3.r2247/framework/web/CWebApplication.php(121): CWebApplication->runController('upfiles/2011/05...')
#1 /home/paranoid/projects/yii-download/yii-1.1.3.r2247/framework/base/CApplication.php(155): CWebApplication->processRequest()
#2 /home/paranoid/projects/infuzhou/index.php(125): CApplication->run()
#3 {main} REQUEST_URI=/upfiles/2011/05/21/1305973726_160_120.jpg
2011/05/25 11:38:53 [error] [exception.CHttpException.404] exception 'CHttpException' with message 'Unable to resolve the request "upfiles/2011/05/07/1304746936_160_120.jpg".' in /home/paranoid/projects/yii-download/yii-1.1.3.r2247/framework/web/CWebApplication.php:332
Stack trace:
#0 /home/paranoid/projects/yii-download/yii-1.1.3.r2247/framework/web/CWebApplication.php(121): CWebApplication->runController('upfiles/2011/05...')
#1 /home/paranoid/projects/yii-download/yii-1.1.3.r2247/framework/base/CApplication.php(155): CWebApplication->processRequest()
#2 /home/paranoid/projects/infuzhou/index.php(125): CApplication->run()
#3 {main} REQUEST_URI=/upfiles/2011/05/07/1304746936_160_120.jpg
2011/05/25 11:38:54 [error] [exception.CHttpException.404] exception 'CHttpException' with message 'Unable to resolve the request "upfiles/2011/05/21/1305973726_160_120.jpg".' in /home/paranoid/projects/yii-download/yii-1.1.3.r2247/framework/web/CWebApplication.php:332
Stack trace:
#0 /home/paranoid/projects/yii-download/yii-1.1.3.r2247/framework/web/CWebApplication.php(121): CWebApplication->runController('upfiles/2011/05...')
#1 /home/paranoid/projects/yii-download/yii-1.1.3.r2247/framework/base/CApplication.php(155): CWebApplication->processRequest()
#2 /home/paranoid/projects/infuzhou/index.php(125): CApplication->run()
#3 {main} REQUEST_URI=/upfiles/2011/05/21/1305973726_160_120.jpg
2011/05/25 11:39:01 [error] [exception.CHttpException.404] exception 'CHttpException' with message 'Unable to resolve the request "upfiles/2011/05/21/1305973726_160_120.jpg".' in /home/paranoid/projects/yii-download/yii-1.1.3.r2247/framework/web/CWebApplication.php:332
Stack trace:
#0 /home/paranoid/projects/yii-download/yii-1.1.3.r2247/framework/web/CWebApplication.php(121): CWebApplication->runController('upfiles/2011/05...')
#1 /home/paranoid/projects/yii-download/yii-1.1.3.r2247/framework/base/CApplication.php(155): CWebApplication->processRequest()
#2 /home/paranoid/projects/infuzhou/index.php(125): CApplication->run()
#3 {main} REQUEST_URI=/upfiles/2011/05/21/1305973726_160_120.jpg
2011/05/25 11:39:01 [error] [exception.CHttpException.404] exception 'CHttpException' with message 'Unable to resolve the request "upfiles/2011/05/07/1304746936_160_120.jpg".' in /home/paranoid/projects/yii-download/yii-1.1.3.r2247/framework/web/CWebApplication.php:332
Stack trace:
#0 /home/paranoid/projects/yii-download/yii-1.1.3.r2247/framework/web/CWebApplication.php(121): CWebApplication->runController('upfiles/2011/05...')
#1 /home/paranoid/projects/yii-download/yii-1.1.3.r2247/framework/base/CApplication.php(155): CWebApplication->processRequest()
#2 /home/paranoid/projects/infuzhou/index.php(125): CApplication->run()
#3 {main} REQUEST_URI=/upfiles/2011/05/07/1304746936_160_120.jpg
2011/05/25 11:39:02 [error] [exception.CHttpException.404] exception 'CHttpException' with message 'Unable to resolve the request "upfiles/2011/05/05/1304607512_160_120.jpg".' in /home/paranoid/projects/yii-download/yii-1.1.3.r2247/framework/web/CWebApplication.php:332
Stack trace:
#0 /home/paranoid/projects/yii-download/yii-1.1.3.r2247/framework/web/CWebApplication.php(121): CWebApplication->runController('upfiles/2011/05...')
#1 /home/paranoid/projects/yii-download/yii-1.1.3.r2247/framework/base/CApplication.php(155): CWebApplication->processRequest()
#2 /home/paranoid/projects/infuzhou/index.php(125): CApplication->run()
#3 {main} REQUEST_URI=/upfiles/2011/05/05/1304607512_160_120.jpg
2011/05/25 11:39:03 [error] [exception.CHttpException.404] exception 'CHttpException' with message 'Unable to resolve the request "upfiles/2011/05/03/1304352732_160_120.jpg".' in /home/paranoid/projects/yii-download/yii-1.1.3.r2247/framework/web/CWebApplication.php:332
Stack trace:
#0 /home/paranoid/projects/yii-download/yii-1.1.3.r2247/framework/web/CWebApplication.php(121): CWebApplication->runController('upfiles/2011/05...')
#1 /home/paranoid/projects/yii-download/yii-1.1.3.r2247/framework/base/CApplication.php(155): CWebApplication->processRequest()
#2 /home/paranoid/projects/infuzhou/index.php(125): CApplication->run()
#3 {main} REQUEST_URI=/upfiles/2011/05/03/1304352732_160_120.jpg
2011/05/25 11:39:03 [error] [exception.CHttpException.404] exception 'CHttpException' with message 'Unable to resolve the request "upfiles/2011/05/03/1304352830_160_120.jpg".' in /home/paranoid/projects/yii-download/yii-1.1.3.r2247/framework/web/CWebApplication.php:332
Stack trace:
#0 /home/paranoid/projects/yii-download/yii-1.1.3.r2247/framework/web/CWebApplication.php(121): CWebApplication->runController('upfiles/2011/05...')
#1 /home/paranoid/projects/yii-download/yii-1.1.3.r2247/framework/base/CApplication.php(155): CWebApplication->processRequest()
#2 /home/paranoid/projects/infuzhou/index.php(125): CApplication->run()
#3 {main} REQUEST_URI=/upfiles/2011/05/03/1304352830_160_120.jpg
2011/05/25 11:39:03 [error] [exception.CHttpException.404] exception 'CHttpException' with message 'Unable to resolve the request "upfiles/2011/05/03/1304352815_160_120.jpg".' in /home/paranoid/projects/yii-download/yii-1.1.3.r2247/framework/web/CWebApplication.php:332
Stack trace:
#0 /home/paranoid/projects/yii-download/yii-1.1.3.r2247/framework/web/CWebApplication.php(121): CWebApplication->runController('upfiles/2011/05...')
#1 /home/paranoid/projects/yii-download/yii-1.1.3.r2247/framework/base/CApplication.php(155): CWebApplication->processRequest()
#2 /home/paranoid/projects/infuzhou/index.php(125): CApplication->run()
#3 {main} REQUEST_URI=/upfiles/2011/05/03/1304352815_160_120.jpg
2011/05/25 11:39:03 [error] [exception.CHttpException.404] exception 'CHttpException' with message 'Unable to resolve the request "upfiles/2011/05/03/1304352772_160_120.jpg".' in /home/paranoid/projects/yii-download/yii-1.1.3.r2247/framework/web/CWebApplication.php:332
Stack trace:
#0 /home/paranoid/projects/yii-download/yii-1.1.3.r2247/framework/web/CWebApplication.php(121): CWebApplication->runController('upfiles/2011/05...')
#1 /home/paranoid/projects/yii-download/yii-1.1.3.r2247/framework/base/CApplication.php(155): CWebApplication->processRequest()
#2 /home/paranoid/projects/infuzhou/index.php(125): CApplication->run()
#3 {main} REQUEST_URI=/upfiles/2011/05/03/1304352772_160_120.jpg
2011/05/25 11:39:03 [error] [exception.CHttpException.404] exception 'CHttpException' with message 'Unable to resolve the request "upfiles/2011/05/03/1304352799_160_120.jpg".' in /home/paranoid/projects/yii-download/yii-1.1.3.r2247/framework/web/CWebApplication.php:332
Stack trace:
#0 /home/paranoid/projects/yii-download/yii-1.1.3.r2247/framework/web/CWebApplication.php(121): CWebApplication->runController('upfiles/2011/05...')
#1 /home/paranoid/projects/yii-download/yii-1.1.3.r2247/framework/base/CApplication.php(155): CWebApplication->processRequest()
#2 /home/paranoid/projects/infuzhou/index.php(125): CApplication->run()
#3 {main} REQUEST_URI=/upfiles/2011/05/03/1304352799_160_120.jpg
2011/05/25 11:39:03 [error] [exception.CHttpException.404] exception 'CHttpException' with message 'Unable to resolve the request "upfiles/2011/05/03/1304352855_160_120.jpg".' in /home/paranoid/projects/yii-download/yii-1.1.3.r2247/framework/web/CWebApplication.php:332
Stack trace:
#0 /home/paranoid/projects/yii-download/yii-1.1.3.r2247/framework/web/CWebApplication.php(121): CWebApplication->runController('upfiles/2011/05...')
#1 /home/paranoid/projects/yii-download/yii-1.1.3.r2247/framework/base/CApplication.php(155): CWebApplication->processRequest()
#2 /home/paranoid/projects/infuzhou/index.php(125): CApplication->run()
#3 {main} REQUEST_URI=/upfiles/2011/05/03/1304352855_160_120.jpg
2011/05/25 11:39:03 [error] [exception.CHttpException.404] exception 'CHttpException' with message 'Unable to resolve the request "upfiles/2011/05/03/1304352777_160_120.jpg".' in /home/paranoid/projects/yii-download/yii-1.1.3.r2247/framework/web/CWebApplication.php:332
Stack trace:
#0 /home/paranoid/projects/yii-download/yii-1.1.3.r2247/framework/web/CWebApplication.php(121): CWebApplication->runController('upfiles/2011/05...')
#1 /home/paranoid/projects/yii-download/yii-1.1.3.r2247/framework/base/CApplication.php(155): CWebApplication->processRequest()
#2 /home/paranoid/projects/infuzhou/index.php(125): CApplication->run()
#3 {main} REQUEST_URI=/upfiles/2011/05/03/1304352777_160_120.jpg
2011/05/25 11:39:33 [error] [exception.CHttpException.404] exception 'CHttpException' with message 'Unable to resolve the request "css/widgContent.css".' in /home/paranoid/projects/yii-download/yii-1.1.3.r2247/framework/web/CWebApplication.php:332
Stack trace:
#0 /home/paranoid/projects/yii-download/yii-1.1.3.r2247/framework/web/CWebApplication.php(121): CWebApplication->runController('css/widgContent...')
#1 /home/paranoid/projects/yii-download/yii-1.1.3.r2247/framework/base/CApplication.php(155): CWebApplication->processRequest()
#2 /home/paranoid/projects/infuzhou/index.php(125): CApplication->run()
#3 {main} REQUEST_URI=/css/widgContent.css
2011/05/25 11:39:46 [error] [exception.CHttpException.404] exception 'CHttpException' with message 'Unable to resolve the request "css/widgContent.css".' in /home/paranoid/projects/yii-download/yii-1.1.3.r2247/framework/web/CWebApplication.php:332
Stack trace:
#0 /home/paranoid/projects/yii-download/yii-1.1.3.r2247/framework/web/CWebApplication.php(121): CWebApplication->runController('css/widgContent...')
#1 /home/paranoid/projects/yii-download/yii-1.1.3.r2247/framework/base/CApplication.php(155): CWebApplication->processRequest()
#2 /home/paranoid/projects/infuzhou/index.php(125): CApplication->run()
#3 {main} REQUEST_URI=/css/widgContent.css
